In file included from /usr/include/v8stdint.h:36:0,
                 from /usr/include/v8.h:41,
                 from ../ext/bson.cc:14:
/usr/include/v8.h: In destructor ‘virtual node::ObjectWrap::~ObjectWrap()’:
/usr/include/v8.h:781:3: error: ‘T* v8::Persistent<T>::operator->() const [with T = v8::Object]’ is private
   V8_INLINE(T* operator->() const) { return val_; }
   ^
In file included from /usr/include/node/node.h:67:0,
                 from ../ext/bson.cc:22:
/usr/include/node/node_object_wrap.h:51:14: error: within this context
       handle_->SetPointerInInternalField(0, 0);
              ^
/usr/include/node/node_object_wrap.h:51:16: error: ‘class v8::Object’ has no member named ‘SetPointerInInternalField’
       handle_->SetPointerInInternalField(0, 0);
                ^
/usr/include/node/node_object_wrap.h: In static member function ‘static T* node::ObjectWrap::Unwrap(v8::Handle<v8::Object>)’:
/usr/include/node/node_object_wrap.h:62:36: error: ‘class v8::Object’ has no member named ‘GetPointerFromInternalField’
     return static_cast<T*>(handle->GetPointerFromInternalField(0));
                                    ^
/usr/include/node/node_object_wrap.h: In member function ‘void node::ObjectWrap::Wrap(v8::Handle<v8::Object>)’:
/usr/include/node/node_object_wrap.h:72:53: error: no matching function for call to ‘v8::Persistent<v8::Object>::New(v8::Handle<v8::Object>&)’
     handle_ = v8::Persistent<v8::Object>::New(handle);
                                                     ^
/usr/include/node/node_object_wrap.h:72:53: note: candidate is:
In file included from ../ext/bson.cc:14:0:
/usr/include/v8.h:5619:4: note: static T* v8::Persistent<T>::New(v8::Isolate*, T*) [with T = v8::Object]
 T* Persistent<T>::New(Isolate* isolate, T* that) {
    ^
/usr/include/v8.h:5619:4: note:   candidate expects 2 arguments, 1 provided
In file included from /usr/include/v8stdint.h:36:0,
                 from /usr/include/v8.h:41,
                 from ../ext/bson.cc:14:
/usr/include/v8.h:781:3: error: ‘T* v8::Persistent<T>::operator->() const [with T = v8::Object]’ is private
   V8_INLINE(T* operator->() const) { return val_; }
   ^
In file included from /usr/include/node/node.h:67:0,
                 from ../ext/bson.cc:22:
/usr/include/node/node_object_wrap.h:73:12: error: within this context
     handle_->SetPointerInInternalField(0, this);
            ^
/usr/include/node/node_object_wrap.h:73:14: error: ‘class v8::Object’ has no member named ‘SetPointerInInternalField’
     handle_->SetPointerInInternalField(0, this);
              ^
/usr/include/node/node_object_wrap.h: In member function ‘void node::ObjectWrap::MakeWeak()’:
/usr/include/node/node_object_wrap.h:79:40: error: invalid conversion from ‘void (*)(v8::Persistent<v8::Value>, void*)’ to ‘v8::WeakReferenceCallbacks<v8::Object, node::ObjectWrap>::Revivable {aka void (*)(v8::Isolate*, v8::Persistent<v8::Object>*, node::ObjectWrap*)}’ [-fpermissive]
     handle_.MakeWeak(this, WeakCallback);
                                        ^
In file included from ../ext/bson.cc:14:0:
/usr/include/v8.h:5682:6: error:   initializing argument 2 of ‘void v8::Persistent<T>::MakeWeak(P*, typename v8::WeakReferenceCallbacks<T, P>::Revivable) [with P = node::ObjectWrap; T = v8::Object; typename v8::WeakReferenceCallbacks<T, P>::Revivable = void (*)(v8::Isolate*, v8::Persistent<v8::Object>*, node::ObjectWrap*)]’ [-fpermissive]
 void Persistent<T>::MakeWeak(
      ^
In file included from ../ext/bson.cc:22:0:
/usr/include/node/node.h: At global scope:
/usr/include/node/node.h:113:13: error: ‘v8::InvocationCallback’ has not been declared
         v8::InvocationCallback callback)
             ^
/usr/include/node/node.h: In function ‘void node::SetMethod(target_t, const char*, int)’:
/usr/include/node/node.h:116:43: error: no matching function for call to ‘v8::FunctionTemplate::New(int&)’
         v8::FunctionTemplate::New(callback)->GetFunction());
                                           ^
/usr/include/node/node.h:116:43: note: candidate is:
In file included from ../ext/bson.cc:14:0:
/usr/include/v8.h:3320:34: note: static v8::Local<v8::FunctionTemplate> v8::FunctionTemplate::New(v8::FunctionCallback, v8::Handle<v8::Value>, v8::Handle<v8::Signature>, int) <near match>
   static Local<FunctionTemplate> New(
                                  ^
/usr/include/v8.h:3320:34: note:   no known conversion for argument 1 from ‘int’ to ‘v8::FunctionCallback {aka void (*)(const v8::FunctionCallbackInfo<v8::Value>&)}’
In file included from ../ext/bson.cc:22:0:
/usr/include/node/node.h: At global scope:
/usr/include/node/node.h:121:31: error: ‘v8::InvocationCallback’ has not been declared
         const char* name, v8::InvocationCallback callback)
                               ^
/usr/include/node/node.h: In function ‘void node::SetPrototypeMethod(target_t, const char*, int)’:
/usr/include/node/node.h:123:79: error: no matching function for call to ‘v8::FunctionTemplate::New(int&)’
     v8::Local<v8::FunctionTemplate> templ = v8::FunctionTemplate::New(callback);
                                                                               ^
/usr/include/node/node.h:123:79: note: candidate is:
In file included from ../ext/bson.cc:14:0:
/usr/include/v8.h:3320:34: note: static v8::Local<v8::FunctionTemplate> v8::FunctionTemplate::New(v8::FunctionCallback, v8::Handle<v8::Value>, v8::Handle<v8::Signature>, int) <near match>
   static Local<FunctionTemplate> New(
                                  ^
/usr/include/v8.h:3320:34: note:   no known conversion for argument 1 from ‘int’ to ‘v8::FunctionCallback {aka void (*)(const v8::FunctionCallbackInfo<v8::Value>&)}’
In file included from ../ext/bson.cc:22:0:
/usr/include/node/node.h: In function ‘v8::Persistent<v8::Function>* node::cb_persist(const v8::Local<v8::Value>&)’:
/usr/include/node/node.h:156:75: error: no matching function for call to ‘v8::Persistent<v8::Function>::New(v8::Local<v8::Function>)’
   *fn = v8::Persistent<v8::Function>::New(v8::Local<v8::Function>::Cast(v));
                                                                           ^
/usr/include/node/node.h:156:75: note: candidate is:
In file included from ../ext/bson.cc:14:0:
/usr/include/v8.h:5619:4: note: static T* v8::Persistent<T>::New(v8::Isolate*, T*) [with T = v8::Function]
 T* Persistent<T>::New(Isolate* isolate, T* that) {
    ^
/usr/include/v8.h:5619:4: note:   candidate expects 2 arguments, 1 provided
In file included from /usr/include/v8stdint.h:36:0,
                 from /usr/include/v8.h:41,
                 from ../ext/bson.cc:14:
/usr/include/v8.h: In function ‘v8::Persistent<v8::Function>* node::cb_unwrap(void*)’:
/usr/include/v8.h:781:3: error: ‘T* v8::Persistent<T>::operator->() const [with T = v8::Function]’ is private
   V8_INLINE(T* operator->() const) { return val_; }
   ^
In file included from /usr/include/node/node_object_wrap.h:27:0,
                 from /usr/include/node/node.h:67,
                 from ../ext/bson.cc:22:
/usr/include/node/node.h:163:15: error: within this context
   assert((*cb)->IsFunction());
               ^
In file included from ../ext/bson.cc:24:0:
/usr/include/node/node_buffer.h: At global scope:
/usr/include/node/node_buffer.h:115:42: error: ‘Arguments’ in namespace ‘v8’ does not name a type
   static v8::Handle<v8::Value> New(const v8::Arguments &args);
                                          ^
/usr/include/node/node_buffer.h:115:57: error: ISO C++ forbids declaration of ‘args’ with no type [-fpermissive]
   static v8::Handle<v8::Value> New(const v8::Arguments &args);
                                                         ^
/usr/include/node/node_buffer.h:116:50: error: ‘Arguments’ in namespace ‘v8’ does not name a type
   static v8::Handle<v8::Value> BinarySlice(const v8::Arguments &args);
                                                  ^
/usr/include/node/node_buffer.h:116:65: error: ISO C++ forbids declaration of ‘args’ with no type [-fpermissive]
   static v8::Handle<v8::Value> BinarySlice(const v8::Arguments &args);
                                                                 ^
/usr/include/node/node_buffer.h:117:49: error: ‘Arguments’ in namespace ‘v8’ does not name a type
   static v8::Handle<v8::Value> AsciiSlice(const v8::Arguments &args);
                                                 ^
/usr/include/node/node_buffer.h:117:64: error: ISO C++ forbids declaration of ‘args’ with no type [-fpermissive]
   static v8::Handle<v8::Value> AsciiSlice(const v8::Arguments &args);
                                                                ^
/usr/include/node/node_buffer.h:118:50: error: ‘Arguments’ in namespace ‘v8’ does not name a type
   static v8::Handle<v8::Value> Base64Slice(const v8::Arguments &args);
                                                  ^
/usr/include/node/node_buffer.h:118:65: error: ISO C++ forbids declaration of ‘args’ with no type [-fpermissive]
   static v8::Handle<v8::Value> Base64Slice(const v8::Arguments &args);
                                                                 ^
/usr/include/node/node_buffer.h:119:48: error: ‘Arguments’ in namespace ‘v8’ does not name a type
   static v8::Handle<v8::Value> Utf8Slice(const v8::Arguments &args);
                                                ^
/usr/include/node/node_buffer.h:119:63: error: ISO C++ forbids declaration of ‘args’ with no type [-fpermissive]
   static v8::Handle<v8::Value> Utf8Slice(const v8::Arguments &args);
                                                               ^
/usr/include/node/node_buffer.h:120:48: error: ‘Arguments’ in namespace ‘v8’ does not name a type
   static v8::Handle<v8::Value> Ucs2Slice(const v8::Arguments &args);
                                                ^
/usr/include/node/node_buffer.h:120:63: error: ISO C++ forbids declaration of ‘args’ with no type [-fpermissive]
   static v8::Handle<v8::Value> Ucs2Slice(const v8::Arguments &args);
                                                               ^
/usr/include/node/node_buffer.h:121:47: error: ‘Arguments’ in namespace ‘v8’ does not name a type
   static v8::Handle<v8::Value> HexSlice(const v8::Arguments &args);
                                               ^
/usr/include/node/node_buffer.h:121:62: error: ISO C++ forbids declaration of ‘args’ with no type [-fpermissive]
   static v8::Handle<v8::Value> HexSlice(const v8::Arguments &args);
                                                              ^
/usr/include/node/node_buffer.h:122:50: error: ‘Arguments’ in namespace ‘v8’ does not name a type
   static v8::Handle<v8::Value> BinaryWrite(const v8::Arguments &args);
                                                  ^
/usr/include/node/node_buffer.h:122:65: error: ISO C++ forbids declaration of ‘args’ with no type [-fpermissive]
   static v8::Handle<v8::Value> BinaryWrite(const v8::Arguments &args);
                                                                 ^
/usr/include/node/node_buffer.h:123:50: error: ‘Arguments’ in namespace ‘v8’ does not name a type
   static v8::Handle<v8::Value> Base64Write(const v8::Arguments &args);
                                                  ^
/usr/include/node/node_buffer.h:123:65: error: ISO C++ forbids declaration of ‘args’ with no type [-fpermissive]
   static v8::Handle<v8::Value> Base64Write(const v8::Arguments &args);
                                                                 ^
/usr/include/node/node_buffer.h:124:49: error: ‘Arguments’ in namespace ‘v8’ does not name a type
   static v8::Handle<v8::Value> AsciiWrite(const v8::Arguments &args);
                                                 ^
/usr/include/node/node_buffer.h:124:64: error: ISO C++ forbids declaration of ‘args’ with no type [-fpermissive]
   static v8::Handle<v8::Value> AsciiWrite(const v8::Arguments &args);
                                                                ^
/usr/include/node/node_buffer.h:125:48: error: ‘Arguments’ in namespace ‘v8’ does not name a type
   static v8::Handle<v8::Value> Utf8Write(const v8::Arguments &args);
                                                ^
/usr/include/node/node_buffer.h:125:63: error: ISO C++ forbids declaration of ‘args’ with no type [-fpermissive]
   static v8::Handle<v8::Value> Utf8Write(const v8::Arguments &args);
                                                               ^
/usr/include/node/node_buffer.h:126:48: error: ‘Arguments’ in namespace ‘v8’ does not name a type
   static v8::Handle<v8::Value> Ucs2Write(const v8::Arguments &args);
                                                ^
/usr/include/node/node_buffer.h:126:63: error: ISO C++ forbids declaration of ‘args’ with no type [-fpermissive]
   static v8::Handle<v8::Value> Ucs2Write(const v8::Arguments &args);
                                                               ^
/usr/include/node/node_buffer.h:127:47: error: ‘Arguments’ in namespace ‘v8’ does not name a type
   static v8::Handle<v8::Value> HexWrite(const v8::Arguments &args);
                                               ^
/usr/include/node/node_buffer.h:127:62: error: ISO C++ forbids declaration of ‘args’ with no type [-fpermissive]
   static v8::Handle<v8::Value> HexWrite(const v8::Arguments &args);
                                                              ^
/usr/include/node/node_buffer.h:128:50: error: ‘Arguments’ in namespace ‘v8’ does not name a type
   static v8::Handle<v8::Value> ReadFloatLE(const v8::Arguments &args);
                                                  ^
/usr/include/node/node_buffer.h:128:65: error: ISO C++ forbids declaration of ‘args’ with no type [-fpermissive]
   static v8::Handle<v8::Value> ReadFloatLE(const v8::Arguments &args);
                                                                 ^
/usr/include/node/node_buffer.h:129:50: error: ‘Arguments’ in namespace ‘v8’ does not name a type
   static v8::Handle<v8::Value> ReadFloatBE(const v8::Arguments &args);
                                                  ^
/usr/include/node/node_buffer.h:129:65: error: ISO C++ forbids declaration of ‘args’ with no type [-fpermissive]
   static v8::Handle<v8::Value> ReadFloatBE(const v8::Arguments &args);
                                                                 ^
/usr/include/node/node_buffer.h:130:51: error: ‘Arguments’ in namespace ‘v8’ does not name a type
   static v8::Handle<v8::Value> ReadDoubleLE(const v8::Arguments &args);
                                                   ^
/usr/include/node/node_buffer.h:130:66: error: ISO C++ forbids declaration of ‘args’ with no type [-fpermissive]
   static v8::Handle<v8::Value> ReadDoubleLE(const v8::Arguments &args);
                                                                  ^
/usr/include/node/node_buffer.h:131:51: error: ‘Arguments’ in namespace ‘v8’ does not name a type
   static v8::Handle<v8::Value> ReadDoubleBE(const v8::Arguments &args);
                                                   ^
/usr/include/node/node_buffer.h:131:66: error: ISO C++ forbids declaration of ‘args’ with no type [-fpermissive]
   static v8::Handle<v8::Value> ReadDoubleBE(const v8::Arguments &args);
                                                                  ^
/usr/include/node/node_buffer.h:132:51: error: ‘Arguments’ in namespace ‘v8’ does not name a type
   static v8::Handle<v8::Value> WriteFloatLE(const v8::Arguments &args);
                                                   ^
/usr/include/node/node_buffer.h:132:66: error: ISO C++ forbids declaration of ‘args’ with no type [-fpermissive]
   static v8::Handle<v8::Value> WriteFloatLE(const v8::Arguments &args);
                                                                  ^
/usr/include/node/node_buffer.h:133:51: error: ‘Arguments’ in namespace ‘v8’ does not name a type
   static v8::Handle<v8::Value> WriteFloatBE(const v8::Arguments &args);
                                                   ^
/usr/include/node/node_buffer.h:133:66: error: ISO C++ forbids declaration of ‘args’ with no type [-fpermissive]
   static v8::Handle<v8::Value> WriteFloatBE(const v8::Arguments &args);
                                                                  ^
/usr/include/node/node_buffer.h:134:52: error: ‘Arguments’ in namespace ‘v8’ does not name a type
   static v8::Handle<v8::Value> WriteDoubleLE(const v8::Arguments &args);
                                                    ^
/usr/include/node/node_buffer.h:134:67: error: ISO C++ forbids declaration of ‘args’ with no type [-fpermissive]
   static v8::Handle<v8::Value> WriteDoubleLE(const v8::Arguments &args);
                                                                   ^
/usr/include/node/node_buffer.h:135:52: error: ‘Arguments’ in namespace ‘v8’ does not name a type
   static v8::Handle<v8::Value> WriteDoubleBE(const v8::Arguments &args);
                                                    ^
/usr/include/node/node_buffer.h:135:67: error: ISO C++ forbids declaration of ‘args’ with no type [-fpermissive]
   static v8::Handle<v8::Value> WriteDoubleBE(const v8::Arguments &args);
                                                                   ^
/usr/include/node/node_buffer.h:136:49: error: ‘Arguments’ in namespace ‘v8’ does not name a type
   static v8::Handle<v8::Value> ByteLength(const v8::Arguments &args);
                                                 ^
/usr/include/node/node_buffer.h:136:64: error: ISO C++ forbids declaration of ‘args’ with no type [-fpermissive]
   static v8::Handle<v8::Value> ByteLength(const v8::Arguments &args);
                                                                ^
/usr/include/node/node_buffer.h:137:53: error: ‘Arguments’ in namespace ‘v8’ does not name a type
   static v8::Handle<v8::Value> MakeFastBuffer(const v8::Arguments &args);
                                                     ^
/usr/include/node/node_buffer.h:137:68: error: ISO C++ forbids declaration of ‘args’ with no type [-fpermissive]
   static v8::Handle<v8::Value> MakeFastBuffer(const v8::Arguments &args);
                                                                    ^
/usr/include/node/node_buffer.h:138:43: error: ‘Arguments’ in namespace ‘v8’ does not name a type
   static v8::Handle<v8::Value> Fill(const v8::Arguments &args);
                                           ^
/usr/include/node/node_buffer.h:138:58: error: ISO C++ forbids declaration of ‘args’ with no type [-fpermissive]
   static v8::Handle<v8::Value> Fill(const v8::Arguments &args);
                                                          ^
/usr/include/node/node_buffer.h:139:43: error: ‘Arguments’ in namespace ‘v8’ does not name a type
   static v8::Handle<v8::Value> Copy(const v8::Arguments &args);
                                           ^
/usr/include/node/node_buffer.h:139:58: error: ISO C++ forbids declaration of ‘args’ with no type [-fpermissive]
   static v8::Handle<v8::Value> Copy(const v8::Arguments &args);
                                                          ^
/usr/include/node/node_buffer.h: In static member function ‘static char* node::Buffer::Data(node::Buffer*)’:
/usr/include/node/node_buffer.h:82:35: error: no matching function for call to ‘node::Buffer::Data(v8::Persistent<v8::Object>&)’
     return Buffer::Data(b->handle_);
                                   ^
/usr/include/node/node_buffer.h:82:35: note: candidates are:
/usr/include/node/node_buffer.h:75:23: note: static char* node::Buffer::Data(v8::Handle<v8::Value>)
   static inline char* Data(v8::Handle<v8::Value> val) {
                       ^
/usr/include/node/node_buffer.h:75:23: note:   no known conversion for argument 1 from ‘v8::Persistent<v8::Object>’ to ‘v8::Handle<v8::Value>’
/usr/include/node/node_buffer.h:81:23: note: static char* node::Buffer::Data(node::Buffer*)
   static inline char* Data(Buffer *b) {
                       ^
/usr/include/node/node_buffer.h:81:23: note:   no known conversion for argument 1 from ‘v8::Persistent<v8::Object>’ to ‘node::Buffer*’
/usr/include/node/node_buffer.h: In static member function ‘static size_t node::Buffer::Length(node::Buffer*)’:
/usr/include/node/node_buffer.h:93:37: error: no matching function for call to ‘node::Buffer::Length(v8::Persistent<v8::Object>&)’
     return Buffer::Length(b->handle_);
                                     ^
/usr/include/node/node_buffer.h:93:37: note: candidates are:
/usr/include/node/node_buffer.h:85:24: note: static size_t node::Buffer::Length(v8::Handle<v8::Value>)
   static inline size_t Length(v8::Handle<v8::Value> val) {
                        ^
/usr/include/node/node_buffer.h:85:24: note:   no known conversion for argument 1 from ‘v8::Persistent<v8::Object>’ to ‘v8::Handle<v8::Value>’
/usr/include/node/node_buffer.h:92:24: note: static size_t node::Buffer::Length(node::Buffer*)
   static inline size_t Length(Buffer *b) {
                        ^
/usr/include/node/node_buffer.h:92:24: note:   no known conversion for argument 1 from ‘v8::Persistent<v8::Object>’ to ‘node::Buffer*’
In file included from ../ext/bson.cc:35:0:
../ext/bson.h: At global scope:
../ext/bson.h:56:51: error: ‘Arguments’ does not name a type
  static Handle<Value> BSONDeserializeStream(const Arguments &args);
                                                   ^
../ext/bson.h:56:62: error: ISO C++ forbids declaration of ‘args’ with no type [-fpermissive]
  static Handle<Value> BSONDeserializeStream(const Arguments &args);
                                                              ^
../ext/bson.h:59:43: error: ‘Arguments’ does not name a type
  static Handle<Value> BSONSerialize(const Arguments &args);
                                           ^
../ext/bson.h:59:54: error: ISO C++ forbids declaration of ‘args’ with no type [-fpermissive]
  static Handle<Value> BSONSerialize(const Arguments &args);
                                                      ^
../ext/bson.h:60:45: error: ‘Arguments’ does not name a type
  static Handle<Value> BSONDeserialize(const Arguments &args);
                                             ^
../ext/bson.h:60:56: error: ISO C++ forbids declaration of ‘args’ with no type [-fpermissive]
  static Handle<Value> BSONDeserialize(const Arguments &args);
                                                        ^
../ext/bson.h:63:49: error: ‘Arguments’ does not name a type
  static Handle<Value> CalculateObjectSize(const Arguments &args);
                                                 ^
../ext/bson.h:63:60: error: ISO C++ forbids declaration of ‘args’ with no type [-fpermissive]
  static Handle<Value> CalculateObjectSize(const Arguments &args);
                                                            ^
../ext/bson.h:64:57: error: ‘Arguments’ does not name a type
  static Handle<Value> SerializeWithBufferAndIndex(const Arguments &args);
                                                         ^
../ext/bson.h:64:68: error: ISO C++ forbids declaration of ‘args’ with no type [-fpermissive]
  static Handle<Value> SerializeWithBufferAndIndex(const Arguments &args);
                                                                    ^
../ext/bson.h:70:33: error: ‘Arguments’ does not name a type
  static Handle<Value> New(const Arguments &args);
                                 ^
../ext/bson.h:70:44: error: ISO C++ forbids declaration of ‘args’ with no type [-fpermissive]
  static Handle<Value> New(const Arguments &args);
                                            ^
../ext/bson.cc: In member function ‘void BSONSerializer<T>::SerializeValue(void*, const v8::Handle<v8::Value>&)’:
../ext/bson.cc:203:39: error: no matching function for call to ‘v8::Object::Has(v8::Persistent<v8::String>&)’
   if(object->Has(bson->_bsontypeString))
                                       ^
../ext/bson.cc:203:39: note: candidates are:
In file included from ../ext/bson.cc:14:0:
/usr/include/v8.h:2106:8: note: bool v8::Object::Has(v8::Handle<v8::Value>)
   bool Has(Handle<Value> key);
        ^
/usr/include/v8.h:2106:8: note:   no known conversion for argument 1 from ‘v8::Persistent<v8::String>’ to ‘v8::Handle<v8::Value>’
/usr/include/v8.h:2114:8: note: bool v8::Object::Has(uint32_t)
   bool Has(uint32_t index);
        ^
/usr/include/v8.h:2114:8: note:   no known conversion for argument 1 from ‘v8::Persistent<v8::String>’ to ‘uint32_t {aka unsigned int}’
../ext/bson.cc:227:62: error: no matching function for call to ‘v8::Object::Get(v8::Persistent<v8::String>&)’
     uint32_t length = object->Get(bson->_binaryPositionString)->Uint32Value();
                                                              ^
../ext/bson.cc:227:62: note: candidates are:
In file included from ../ext/bson.cc:14:0:
/usr/include/v8.h:2095:16: note: v8::Local<v8::Value> v8::Object::Get(v8::Handle<v8::Value>)
   Local<Value> Get(Handle<Value> key);
                ^
/usr/include/v8.h:2095:16: note:   no known conversion for argument 1 from ‘v8::Persistent<v8::String>’ to ‘v8::Handle<v8::Value>’
/usr/include/v8.h:2097:16: note: v8::Local<v8::Value> v8::Object::Get(uint32_t)
   Local<Value> Get(uint32_t index);
                ^
/usr/include/v8.h:2097:16: note:   no known conversion for argument 1 from ‘v8::Persistent<v8::String>’ to ‘uint32_t {aka unsigned int}’
../ext/bson.cc:228:68: error: no matching function for call to ‘v8::Object::Get(v8::Persistent<v8::String>&)’
     Local<Object> bufferObj = object->Get(bson->_binaryBufferString)->ToObject();
                                                                    ^
../ext/bson.cc:228:68: note: candidates are:
In file included from ../ext/bson.cc:14:0:
/usr/include/v8.h:2095:16: note: v8::Local<v8::Value> v8::Object::Get(v8::Handle<v8::Value>)
   Local<Value> Get(Handle<Value> key);
                ^
/usr/include/v8.h:2095:16: note:   no known conversion for argument 1 from ‘v8::Persistent<v8::String>’ to ‘v8::Handle<v8::Value>’
/usr/include/v8.h:2097:16: note: v8::Local<v8::Value> v8::Object::Get(uint32_t)
   Local<Value> Get(uint32_t index);
                ^
/usr/include/v8.h:2097:16: note:   no known conversion for argument 1 from ‘v8::Persistent<v8::String>’ to ‘uint32_t {aka unsigned int}’
../ext/bson.cc:233:46: error: no matching function for call to ‘v8::Object::Get(v8::Persistent<v8::String>&)’
     if(object->Get(bson->_binarySubTypeString)->Int32Value() == 0x02) {
                                              ^
../ext/bson.cc:233:46: note: candidates are:
In file included from ../ext/bson.cc:14:0:
/usr/include/v8.h:2095:16: note: v8::Local<v8::Value> v8::Object::Get(v8::Handle<v8::Value>)
   Local<Value> Get(Handle<Value> key);
                ^
/usr/include/v8.h:2095:16: note:   no known conversion for argument 1 from ‘v8::Persistent<v8::String>’ to ‘v8::Handle<v8::Value>’
/usr/include/v8.h:2097:16: note: v8::Local<v8::Value> v8::Object::Get(uint32_t)
   Local<Value> Get(uint32_t index);
                ^
/usr/include/v8.h:2097:16: note:   no known conversion for argument 1 from ‘v8::Persistent<v8::String>’ to ‘uint32_t {aka unsigned int}’
../ext/bson.cc:247:73: error: no matching function for call to ‘v8::Object::Get(v8::Persistent<v8::String>&)’
     this->WriteLengthPrefixedString(object->Get(bson->_symbolValueString)->ToString());
                                                                         ^
../ext/bson.cc:247:73: note: candidates are:
In file included from ../ext/bson.cc:14:0:
/usr/include/v8.h:2095:16: note: v8::Local<v8::Value> v8::Object::Get(v8::Handle<v8::Value>)
   Local<Value> Get(Handle<Value> key);
                ^
/usr/include/v8.h:2095:16: note:   no known conversion for argument 1 from ‘v8::Persistent<v8::String>’ to ‘v8::Handle<v8::Value>’
/usr/include/v8.h:2097:16: note: v8::Local<v8::Value> v8::Object::Get(uint32_t)
   Local<Value> Get(uint32_t index);
                ^
/usr/include/v8.h:2097:16: note:   no known conversion for argument 1 from ‘v8::Persistent<v8::String>’ to ‘uint32_t {aka unsigned int}’
../ext/bson.cc:251:70: error: no matching function for call to ‘v8::Object::Get(v8::Persistent<v8::String>&)’
     const Local<String>& function = object->Get(bson->_codeCodeString)->ToString();
                                                                      ^
../ext/bson.cc:251:70: note: candidates are:
In file included from ../ext/bson.cc:14:0:
/usr/include/v8.h:2095:16: note: v8::Local<v8::Value> v8::Object::Get(v8::Handle<v8::Value>)
   Local<Value> Get(Handle<Value> key);
                ^
/usr/include/v8.h:2095:16: note:   no known conversion for argument 1 from ‘v8::Persistent<v8::String>’ to ‘v8::Handle<v8::Value>’
/usr/include/v8.h:2097:16: note: v8::Local<v8::Value> v8::Object::Get(uint32_t)
   Local<Value> Get(uint32_t index);
                ^
/usr/include/v8.h:2097:16: note:   no known conversion for argument 1 from ‘v8::Persistent<v8::String>’ to ‘uint32_t {aka unsigned int}’
../ext/bson.cc:252:68: error: no matching function for call to ‘v8::Object::Get(v8::Persistent<v8::String>&)’
     const Local<Object>& scope = object->Get(bson->_codeScopeString)->ToObject();
                                                                    ^
../ext/bson.cc:252:68: note: candidates are:
In file included from ../ext/bson.cc:14:0:
/usr/include/v8.h:2095:16: note: v8::Local<v8::Value> v8::Object::Get(v8::Handle<v8::Value>)
   Local<Value> Get(Handle<Value> key);
                ^
/usr/include/v8.h:2095:16: note:   no known conversion for argument 1 from ‘v8::Persistent<v8::String>’ to ‘v8::Handle<v8::Value>’
/usr/include/v8.h:2097:16: note: v8::Local<v8::Value> v8::Object::Get(uint32_t)
   Local<Value> Get(uint32_t index);
                ^
/usr/include/v8.h:2097:16: note:   no known conversion for argument 1 from ‘v8::Persistent<v8::String>’ to ‘uint32_t {aka unsigned int}’
../ext/bson.cc:283:68: error: no matching function for call to ‘v8::Object::Get(v8::Persistent<v8::String>&)’
     SerializeValue(refType, object->Get(bson->_dbRefNamespaceString));
                                                                    ^
../ext/bson.cc:283:68: note: candidates are:
In file included from ../ext/bson.cc:14:0:
/usr/include/v8.h:2095:16: note: v8::Local<v8::Value> v8::Object::Get(v8::Handle<v8::Value>)
   Local<Value> Get(Handle<Value> key);
                ^
/usr/include/v8.h:2095:16: note:   no known conversion for argument 1 from ‘v8::Persistent<v8::String>’ to ‘v8::Handle<v8::Value>’
/usr/include/v8.h:2097:16: note: v8::Local<v8::Value> v8::Object::Get(uint32_t)
   Local<Value> Get(uint32_t index);
                ^
/usr/include/v8.h:2097:16: note:   no known conversion for argument 1 from ‘v8::Persistent<v8::String>’ to ‘uint32_t {aka unsigned int}’
../ext/bson.cc:287:61: error: no matching function for call to ‘v8::Object::Get(v8::Persistent<v8::String>&)’
     SerializeValue(idType, object->Get(bson->_dbRefOidString));
                                                             ^
../ext/bson.cc:287:61: note: candidates are:
In file included from ../ext/bson.cc:14:0:
/usr/include/v8.h:2095:16: note: v8::Local<v8::Value> v8::Object::Get(v8::Handle<v8::Value>)
   Local<Value> Get(Handle<Value> key);
                ^
/usr/include/v8.h:2095:16: note:   no known conversion for argument 1 from ‘v8::Persistent<v8::String>’ to ‘v8::Handle<v8::Value>’
/usr/include/v8.h:2097:16: note: v8::Local<v8::Value> v8::Object::Get(uint32_t)
   Local<Value> Get(uint32_t index);
                ^
/usr/include/v8.h:2097:16: note:   no known conversion for argument 1 from ‘v8::Persistent<v8::String>’ to ‘uint32_t {aka unsigned int}’
../ext/bson.cc:289:70: error: no matching function for call to ‘v8::Object::Get(v8::Persistent<v8::String>&)’
     const Local<Value>& refDbValue = object->Get(bson->_dbRefDbString);
                                                                      ^
../ext/bson.cc:289:70: note: candidates are:
In file included from ../ext/bson.cc:14:0:
/usr/include/v8.h:2095:16: note: v8::Local<v8::Value> v8::Object::Get(v8::Handle<v8::Value>)
   Local<Value> Get(Handle<Value> key);
                ^
/usr/include/v8.h:2095:16: note:   no known conversion for argument 1 from ‘v8::Persistent<v8::String>’ to ‘v8::Handle<v8::Value>’
/usr/include/v8.h:2097:16: note: v8::Local<v8::Value> v8::Object::Get(uint32_t)
   Local<Value> Get(uint32_t index);
                ^
/usr/include/v8.h:2097:16: note:   no known conversion for argument 1 from ‘v8::Persistent<v8::String>’ to ‘uint32_t {aka unsigned int}’
../ext/bson.cc: In member function ‘v8::Handle<v8::Value> BSONDeserializer::DeserializeDocumentInternal(bool)’:
../ext/bson.cc:433:46: error: no matching function for call to ‘v8::Object::Has(v8::Persistent<v8::String>&)’
  if(returnObject->Has(bson->_dbRefIdRefString))
                                              ^
../ext/bson.cc:433:46: note: candidates are:
In file included from ../ext/bson.cc:14:0:
/usr/include/v8.h:2106:8: note: bool v8::Object::Has(v8::Handle<v8::Value>)
   bool Has(Handle<Value> key);
        ^
/usr/include/v8.h:2106:8: note:   no known conversion for argument 1 from ‘v8::Persistent<v8::String>’ to ‘v8::Handle<v8::Value>’
/usr/include/v8.h:2114:8: note: bool v8::Object::Has(uint32_t)
   bool Has(uint32_t index);
        ^
/usr/include/v8.h:2114:8: note:   no known conversion for argument 1 from ‘v8::Persistent<v8::String>’ to ‘uint32_t {aka unsigned int}’
../ext/bson.cc:435:66: error: no matching function for call to ‘v8::Object::Get(v8::Persistent<v8::String>&)’
   Local<Value> argv[] = { returnObject->Get(bson->_dbRefRefString), returnObject->Get(bson->_dbRefIdRefString), returnObject->Get(bson->_dbRefDbRefString) };
                                                                  ^
../ext/bson.cc:435:66: note: candidates are:
In file included from ../ext/bson.cc:14:0:
/usr/include/v8.h:2095:16: note: v8::Local<v8::Value> v8::Object::Get(v8::Handle<v8::Value>)
   Local<Value> Get(Handle<Value> key);
                ^
/usr/include/v8.h:2095:16: note:   no known conversion for argument 1 from ‘v8::Persistent<v8::String>’ to ‘v8::Handle<v8::Value>’
/usr/include/v8.h:2097:16: note: v8::Local<v8::Value> v8::Object::Get(uint32_t)
   Local<Value> Get(uint32_t index);
                ^
/usr/include/v8.h:2097:16: note:   no known conversion for argument 1 from ‘v8::Persistent<v8::String>’ to ‘uint32_t {aka unsigned int}’
../ext/bson.cc:435:110: error: no matching function for call to ‘v8::Object::Get(v8::Persistent<v8::String>&)’
   Local<Value> argv[] = { returnObject->Get(bson->_dbRefRefString), returnObject->Get(bson->_dbRefIdRefString), returnObject->Get(bson->_dbRefDbRefString) };
                                                                                                              ^
../ext/bson.cc:435:110: note: candidates are:
In file included from ../ext/bson.cc:14:0:
/usr/include/v8.h:2095:16: note: v8::Local<v8::Value> v8::Object::Get(v8::Handle<v8::Value>)
   Local<Value> Get(Handle<Value> key);
                ^
/usr/include/v8.h:2095:16: note:   no known conversion for argument 1 from ‘v8::Persistent<v8::String>’ to ‘v8::Handle<v8::Value>’
/usr/include/v8.h:2097:16: note: v8::Local<v8::Value> v8::Object::Get(uint32_t)
   Local<Value> Get(uint32_t index);
                ^
/usr/include/v8.h:2097:16: note:   no known conversion for argument 1 from ‘v8::Persistent<v8::String>’ to ‘uint32_t {aka unsigned int}’
../ext/bson.cc:435:154: error: no matching function for call to ‘v8::Object::Get(v8::Persistent<v8::String>&)’
   Local<Value> argv[] = { returnObject->Get(bson->_dbRefRefString), returnObject->Get(bson->_dbRefIdRefString), returnObject->Get(bson->_dbRefDbRefString) };
                                                                                                                                                          ^
../ext/bson.cc:435:154: note: candidates are:
In file included from ../ext/bson.cc:14:0:
/usr/include/v8.h:2095:16: note: v8::Local<v8::Value> v8::Object::Get(v8::Handle<v8::Value>)
   Local<Value> Get(Handle<Value> key);
                ^
/usr/include/v8.h:2095:16: note:   no known conversion for argument 1 from ‘v8::Persistent<v8::String>’ to ‘v8::Handle<v8::Value>’
/usr/include/v8.h:2097:16: note: v8::Local<v8::Value> v8::Object::Get(uint32_t)
   Local<Value> Get(uint32_t index);
                ^
/usr/include/v8.h:2097:16: note:   no known conversion for argument 1 from ‘v8::Persistent<v8::String>’ to ‘uint32_t {aka unsigned int}’
In file included from /usr/include/v8stdint.h:36:0,
                 from /usr/include/v8.h:41,
                 from ../ext/bson.cc:14:
/usr/include/v8.h:781:3: error: ‘T* v8::Persistent<T>::operator->() const [with T = v8::Function]’ is private
   V8_INLINE(T* operator->() const) { return val_; }
   ^
../ext/bson.cc:436:32: error: within this context
   return bson->dbrefConstructor->NewInstance(3, argv);
                                ^
In file included from /usr/include/v8stdint.h:36:0,
                 from /usr/include/v8.h:41,
                 from ../ext/bson.cc:14:
/usr/include/v8.h: In member function ‘v8::Handle<v8::Value> BSONDeserializer::DeserializeValue(BsonType, bool)’:
/usr/include/v8.h:781:3: error: ‘T* v8::Persistent<T>::operator->() const [with T = v8::Function]’ is private
   V8_INLINE(T* operator->() const) { return val_; }
   ^
../ext/bson.cc:493:37: error: within this context
    return bson->timestampConstructor->NewInstance(2, argv);
                                     ^
In file included from /usr/include/v8stdint.h:36:0,
                 from /usr/include/v8.h:41,
                 from ../ext/bson.cc:14:
/usr/include/v8.h:781:3: error: ‘T* v8::Persistent<T>::operator->() const [with T = v8::Function]’ is private
   V8_INLINE(T* operator->() const) { return val_; }
   ^
../ext/bson.cc:511:32: error: within this context
    return bson->codeConstructor->NewInstance(2, argv);
                                ^
In file included from /usr/include/v8stdint.h:36:0,
                 from /usr/include/v8.h:41,
                 from ../ext/bson.cc:14:
/usr/include/v8.h:781:3: error: ‘T* v8::Persistent<T>::operator->() const [with T = v8::Function]’ is private
   V8_INLINE(T* operator->() const) { return val_; }
   ^
../ext/bson.cc:520:32: error: within this context
    return bson->codeConstructor->NewInstance(2, argv);
                                ^
In file included from /usr/include/v8stdint.h:36:0,
                 from /usr/include/v8.h:41,
                 from ../ext/bson.cc:14:
/usr/include/v8.h:781:3: error: ‘T* v8::Persistent<T>::operator->() const [with T = v8::Function]’ is private
   V8_INLINE(T* operator->() const) { return val_; }
   ^
../ext/bson.cc:526:36: error: within this context
    return bson->objectIDConstructor->NewInstance(1, argv);
                                    ^
../ext/bson.cc:540:67: error: conversion from ‘v8::Persistent<v8::Object>’ to non-scalar type ‘v8::Handle<v8::Value>’ requested
    Handle<Value> argv[] = { buffer->handle_, Uint32::New(subType) };
                                                                   ^
In file included from /usr/include/v8stdint.h:36:0,
                 from /usr/include/v8.h:41,
                 from ../ext/bson.cc:14:
/usr/include/v8.h:781:3: error: ‘T* v8::Persistent<T>::operator->() const [with T = v8::Function]’ is private
   V8_INLINE(T* operator->() const) { return val_; }
   ^
../ext/bson.cc:541:34: error: within this context
    return bson->binaryConstructor->NewInstance(2, argv);
                                  ^
In file included from /usr/include/v8stdint.h:36:0,
                 from /usr/include/v8.h:41,
                 from ../ext/bson.cc:14:
/usr/include/v8.h:781:3: error: ‘T* v8::Persistent<T>::operator->() const [with T = v8::Function]’ is private
   V8_INLINE(T* operator->() const) { return val_; }
   ^
../ext/bson.cc:564:32: error: within this context
    return bson->longConstructor->NewInstance(2, argv);
                                ^
In file included from /usr/include/v8stdint.h:36:0,
                 from /usr/include/v8.h:41,
                 from ../ext/bson.cc:14:
/usr/include/v8.h:781:3: error: ‘T* v8::Persistent<T>::operator->() const [with T = v8::Function]’ is private
   V8_INLINE(T* operator->() const) { return val_; }
   ^
../ext/bson.cc:580:34: error: within this context
    return bson->symbolConstructor->NewInstance(1, argv);
                                  ^
In file included from /usr/include/v8stdint.h:36:0,
                 from /usr/include/v8.h:41,
                 from ../ext/bson.cc:14:
/usr/include/v8.h:781:3: error: ‘T* v8::Persistent<T>::operator->() const [with T = v8::Function]’ is private
   V8_INLINE(T* operator->() const) { return val_; }
   ^
../ext/bson.cc:584:33: error: within this context
   return bson->minKeyConstructor->NewInstance();
                                 ^
In file included from /usr/include/v8stdint.h:36:0,
                 from /usr/include/v8.h:41,
                 from ../ext/bson.cc:14:
/usr/include/v8.h:781:3: error: ‘T* v8::Persistent<T>::operator->() const [with T = v8::Function]’ is private
   V8_INLINE(T* operator->() const) { return val_; }
   ^
../ext/bson.cc:587:33: error: within this context
   return bson->maxKeyConstructor->NewInstance();
                                 ^
../ext/bson.cc: In constructor ‘BSON::BSON()’:
../ext/bson.cc:608:68: error: no matching function for call to ‘v8::Persistent<v8::String>::New(v8::Local<v8::String>)’
  _bsontypeString = Persistent<String>::New(String::New("_bsontype"));
                                                                    ^
../ext/bson.cc:608:68: note: candidate is:
In file included from ../ext/bson.cc:14:0:
/usr/include/v8.h:5619:4: note: static T* v8::Persistent<T>::New(v8::Isolate*, T*) [with T = v8::String]
 T* Persistent<T>::New(Isolate* isolate, T* that) {
    ^
/usr/include/v8.h:5619:4: note:   candidate expects 2 arguments, 1 provided
../ext/bson.cc:609:62: error: no matching function for call to ‘v8::Persistent<v8::String>::New(v8::Local<v8::String>)’
  _longLowString = Persistent<String>::New(String::New("low_"));
                                                              ^
../ext/bson.cc:609:62: note: candidate is:
In file included from ../ext/bson.cc:14:0:
/usr/include/v8.h:5619:4: note: static T* v8::Persistent<T>::New(v8::Isolate*, T*) [with T = v8::String]
 T* Persistent<T>::New(Isolate* isolate, T* that) {
    ^
/usr/include/v8.h:5619:4: note:   candidate expects 2 arguments, 1 provided
../ext/bson.cc:610:64: error: no matching function for call to ‘v8::Persistent<v8::String>::New(v8::Local<v8::String>)’
  _longHighString = Persistent<String>::New(String::New("high_"));
                                                                ^
../ext/bson.cc:610:64: note: candidate is:
In file included from ../ext/bson.cc:14:0:
/usr/include/v8.h:5619:4: note: static T* v8::Persistent<T>::New(v8::Isolate*, T*) [with T = v8::String]
 T* Persistent<T>::New(Isolate* isolate, T* that) {
    ^
/usr/include/v8.h:5619:4: note:   candidate expects 2 arguments, 1 provided
../ext/bson.cc:611:63: error: no matching function for call to ‘v8::Persistent<v8::String>::New(v8::Local<v8::String>)’
  _objectIDidString = Persistent<String>::New(String::New("id"));
                                                               ^
../ext/bson.cc:611:63: note: candidate is:
In file included from ../ext/bson.cc:14:0:
/usr/include/v8.h:5619:4: note: static T* v8::Persistent<T>::New(v8::Isolate*, T*) [with T = v8::String]
 T* Persistent<T>::New(Isolate* isolate, T* that) {
    ^
/usr/include/v8.h:5619:4: note:   candidate expects 2 arguments, 1 provided
../ext/bson.cc:612:73: error: no matching function for call to ‘v8::Persistent<v8::String>::New(v8::Local<v8::String>)’
  _binaryPositionString = Persistent<String>::New(String::New("position"));
                                                                         ^
../ext/bson.cc:612:73: note: candidate is:
In file included from ../ext/bson.cc:14:0:
/usr/include/v8.h:5619:4: note: static T* v8::Persistent<T>::New(v8::Isolate*, T*) [with T = v8::String]
 T* Persistent<T>::New(Isolate* isolate, T* that) {
    ^
/usr/include/v8.h:5619:4: note:   candidate expects 2 arguments, 1 provided
../ext/bson.cc:613:72: error: no matching function for call to ‘v8::Persistent<v8::String>::New(v8::Local<v8::String>)’
  _binarySubTypeString = Persistent<String>::New(String::New("sub_type"));
                                                                        ^
../ext/bson.cc:613:72: note: candidate is:
In file included from ../ext/bson.cc:14:0:
/usr/include/v8.h:5619:4: note: static T* v8::Persistent<T>::New(v8::Isolate*, T*) [with T = v8::String]
 T* Persistent<T>::New(Isolate* isolate, T* that) {
    ^
/usr/include/v8.h:5619:4: note:   candidate expects 2 arguments, 1 provided
../ext/bson.cc:614:69: error: no matching function for call to ‘v8::Persistent<v8::String>::New(v8::Local<v8::String>)’
  _binaryBufferString = Persistent<String>::New(String::New("buffer"));
                                                                     ^
../ext/bson.cc:614:69: note: candidate is:
In file included from ../ext/bson.cc:14:0:
/usr/include/v8.h:5619:4: note: static T* v8::Persistent<T>::New(v8::Isolate*, T*) [with T = v8::String]
 T* Persistent<T>::New(Isolate* isolate, T* that) {
    ^
/usr/include/v8.h:5619:4: note:   candidate expects 2 arguments, 1 provided
../ext/bson.cc:615:67: error: no matching function for call to ‘v8::Persistent<v8::String>::New(v8::Local<v8::String>)’
  _doubleValueString = Persistent<String>::New(String::New("value"));
                                                                   ^
../ext/bson.cc:615:67: note: candidate is:
In file included from ../ext/bson.cc:14:0:
/usr/include/v8.h:5619:4: note: static T* v8::Persistent<T>::New(v8::Isolate*, T*) [with T = v8::String]
 T* Persistent<T>::New(Isolate* isolate, T* that) {
    ^
/usr/include/v8.h:5619:4: note:   candidate expects 2 arguments, 1 provided
../ext/bson.cc:616:67: error: no matching function for call to ‘v8::Persistent<v8::String>::New(v8::Local<v8::String>)’
  _symbolValueString = Persistent<String>::New(String::New("value"));
                                                                   ^
../ext/bson.cc:616:67: note: candidate is:
In file included from ../ext/bson.cc:14:0:
/usr/include/v8.h:5619:4: note: static T* v8::Persistent<T>::New(v8::Isolate*, T*) [with T = v8::String]
 T* Persistent<T>::New(Isolate* isolate, T* that) {
    ^
/usr/include/v8.h:5619:4: note:   candidate expects 2 arguments, 1 provided
../ext/bson.cc:617:63: error: no matching function for call to ‘v8::Persistent<v8::String>::New(v8::Local<v8::String>)’
  _dbRefRefString = Persistent<String>::New(String::New("$ref"));
                                                               ^
../ext/bson.cc:617:63: note: candidate is:
In file included from ../ext/bson.cc:14:0:
/usr/include/v8.h:5619:4: note: static T* v8::Persistent<T>::New(v8::Isolate*, T*) [with T = v8::String]
 T* Persistent<T>::New(Isolate* isolate, T* that) {
    ^
/usr/include/v8.h:5619:4: note:   candidate expects 2 arguments, 1 provided
../ext/bson.cc:618:64: error: no matching function for call to ‘v8::Persistent<v8::String>::New(v8::Local<v8::String>)’
  _dbRefIdRefString = Persistent<String>::New(String::New("$id"));
                                                                ^
../ext/bson.cc:618:64: note: candidate is:
In file included from ../ext/bson.cc:14:0:
/usr/include/v8.h:5619:4: note: static T* v8::Persistent<T>::New(v8::Isolate*, T*) [with T = v8::String]
 T* Persistent<T>::New(Isolate* isolate, T* that) {
    ^
/usr/include/v8.h:5619:4: note:   candidate expects 2 arguments, 1 provided
../ext/bson.cc:619:64: error: no matching function for call to ‘v8::Persistent<v8::String>::New(v8::Local<v8::String>)’
  _dbRefDbRefString = Persistent<String>::New(String::New("$db"));
                                                                ^
../ext/bson.cc:619:64: note: candidate is:
In file included from ../ext/bson.cc:14:0:
/usr/include/v8.h:5619:4: note: static T* v8::Persistent<T>::New(v8::Isolate*, T*) [with T = v8::String]
 T* Persistent<T>::New(Isolate* isolate, T* that) {
    ^
/usr/include/v8.h:5619:4: note:   candidate expects 2 arguments, 1 provided
../ext/bson.cc:620:74: error: no matching function for call to ‘v8::Persistent<v8::String>::New(v8::Local<v8::String>)’
  _dbRefNamespaceString = Persistent<String>::New(String::New("namespace"));
                                                                          ^
../ext/bson.cc:620:74: note: candidate is:
In file included from ../ext/bson.cc:14:0:
/usr/include/v8.h:5619:4: note: static T* v8::Persistent<T>::New(v8::Isolate*, T*) [with T = v8::String]
 T* Persistent<T>::New(Isolate* isolate, T* that) {
    ^
/usr/include/v8.h:5619:4: note:   candidate expects 2 arguments, 1 provided
../ext/bson.cc:621:60: error: no matching function for call to ‘v8::Persistent<v8::String>::New(v8::Local<v8::String>)’
  _dbRefDbString = Persistent<String>::New(String::New("db"));
                                                            ^
../ext/bson.cc:621:60: note: candidate is:
In file included from ../ext/bson.cc:14:0:
/usr/include/v8.h:5619:4: note: static T* v8::Persistent<T>::New(v8::Isolate*, T*) [with T = v8::String]
 T* Persistent<T>::New(Isolate* isolate, T* that) {
    ^
/usr/include/v8.h:5619:4: note:   candidate expects 2 arguments, 1 provided
../ext/bson.cc:622:62: error: no matching function for call to ‘v8::Persistent<v8::String>::New(v8::Local<v8::String>)’
  _dbRefOidString = Persistent<String>::New(String::New("oid"));
                                                              ^
../ext/bson.cc:622:62: note: candidate is:
In file included from ../ext/bson.cc:14:0:
/usr/include/v8.h:5619:4: note: static T* v8::Persistent<T>::New(v8::Isolate*, T*) [with T = v8::String]
 T* Persistent<T>::New(Isolate* isolate, T* that) {
    ^
/usr/include/v8.h:5619:4: note:   candidate expects 2 arguments, 1 provided
../ext/bson.cc:623:63: error: no matching function for call to ‘v8::Persistent<v8::String>::New(v8::Local<v8::String>)’
  _codeCodeString = Persistent<String>::New(String::New("code"));
                                                               ^
../ext/bson.cc:623:63: note: candidate is:
In file included from ../ext/bson.cc:14:0:
/usr/include/v8.h:5619:4: note: static T* v8::Persistent<T>::New(v8::Isolate*, T*) [with T = v8::String]
 T* Persistent<T>::New(Isolate* isolate, T* that) {
    ^
/usr/include/v8.h:5619:4: note:   candidate expects 2 arguments, 1 provided
../ext/bson.cc:624:65: error: no matching function for call to ‘v8::Persistent<v8::String>::New(v8::Local<v8::String>)’
  _codeScopeString = Persistent<String>::New(String::New("scope"));
                                                                 ^
../ext/bson.cc:624:65: note: candidate is:
In file included from ../ext/bson.cc:14:0:
/usr/include/v8.h:5619:4: note: static T* v8::Persistent<T>::New(v8::Isolate*, T*) [with T = v8::String]
 T* Persistent<T>::New(Isolate* isolate, T* that) {
    ^
/usr/include/v8.h:5619:4: note:   candidate expects 2 arguments, 1 provided
../ext/bson.cc:625:63: error: no matching function for call to ‘v8::Persistent<v8::String>::New(v8::Local<v8::String>)’
  _toBSONString = Persistent<String>::New(String::New("toBSON"));
                                                               ^
../ext/bson.cc:625:63: note: candidate is:
In file included from ../ext/bson.cc:14:0:
/usr/include/v8.h:5619:4: note: static T* v8::Persistent<T>::New(v8::Isolate*, T*) [with T = v8::String]
 T* Persistent<T>::New(Isolate* isolate, T* that) {
    ^
/usr/include/v8.h:5619:4: note:   candidate expects 2 arguments, 1 provided
../ext/bson.cc:627:58: error: no matching function for call to ‘v8::Persistent<v8::String>::New(v8::Local<v8::String>)’
  longString = Persistent<String>::New(String::New("Long"));
                                                          ^
../ext/bson.cc:627:58: note: candidate is:
In file included from ../ext/bson.cc:14:0:
/usr/include/v8.h:5619:4: note: static T* v8::Persistent<T>::New(v8::Isolate*, T*) [with T = v8::String]
 T* Persistent<T>::New(Isolate* isolate, T* that) {
    ^
/usr/include/v8.h:5619:4: note:   candidate expects 2 arguments, 1 provided
../ext/bson.cc:628:66: error: no matching function for call to ‘v8::Persistent<v8::String>::New(v8::Local<v8::String>)’
  objectIDString = Persistent<String>::New(String::New("ObjectID"));
                                                                  ^
../ext/bson.cc:628:66: note: candidate is:
In file included from ../ext/bson.cc:14:0:
/usr/include/v8.h:5619:4: note: static T* v8::Persistent<T>::New(v8::Isolate*, T*) [with T = v8::String]
 T* Persistent<T>::New(Isolate* isolate, T* that) {
    ^
/usr/include/v8.h:5619:4: note:   candidate expects 2 arguments, 1 provided
../ext/bson.cc:629:62: error: no matching function for call to ‘v8::Persistent<v8::String>::New(v8::Local<v8::String>)’
  binaryString = Persistent<String>::New(String::New("Binary"));
                                                              ^
../ext/bson.cc:629:62: note: candidate is:
In file included from ../ext/bson.cc:14:0:
/usr/include/v8.h:5619:4: note: static T* v8::Persistent<T>::New(v8::Isolate*, T*) [with T = v8::String]
 T* Persistent<T>::New(Isolate* isolate, T* that) {
    ^
/usr/include/v8.h:5619:4: note:   candidate expects 2 arguments, 1 provided
../ext/bson.cc:630:58: error: no matching function for call to ‘v8::Persistent<v8::String>::New(v8::Local<v8::String>)’
  codeString = Persistent<String>::New(String::New("Code"));
                                                          ^
../ext/bson.cc:630:58: note: candidate is:
In file included from ../ext/bson.cc:14:0:
/usr/include/v8.h:5619:4: note: static T* v8::Persistent<T>::New(v8::Isolate*, T*) [with T = v8::String]
 T* Persistent<T>::New(Isolate* isolate, T* that) {
    ^
/usr/include/v8.h:5619:4: note:   candidate expects 2 arguments, 1 provided
../ext/bson.cc:631:60: error: no matching function for call to ‘v8::Persistent<v8::String>::New(v8::Local<v8::String>)’
  dbrefString = Persistent<String>::New(String::New("DBRef"));
                                                            ^
../ext/bson.cc:631:60: note: candidate is:
In file included from ../ext/bson.cc:14:0:
/usr/include/v8.h:5619:4: note: static T* v8::Persistent<T>::New(v8::Isolate*, T*) [with T = v8::String]
 T* Persistent<T>::New(Isolate* isolate, T* that) {
    ^
/usr/include/v8.h:5619:4: note:   candidate expects 2 arguments, 1 provided
../ext/bson.cc:632:62: error: no matching function for call to ‘v8::Persistent<v8::String>::New(v8::Local<v8::String>)’
  symbolString = Persistent<String>::New(String::New("Symbol"));
                                                              ^
../ext/bson.cc:632:62: note: candidate is:
In file included from ../ext/bson.cc:14:0:
/usr/include/v8.h:5619:4: note: static T* v8::Persistent<T>::New(v8::Isolate*, T*) [with T = v8::String]
 T* Persistent<T>::New(Isolate* isolate, T* that) {
    ^
/usr/include/v8.h:5619:4: note:   candidate expects 2 arguments, 1 provided
../ext/bson.cc:633:62: error: no matching function for call to ‘v8::Persistent<v8::String>::New(v8::Local<v8::String>)’
  doubleString = Persistent<String>::New(String::New("Double"));
                                                              ^
../ext/bson.cc:633:62: note: candidate is:
In file included from ../ext/bson.cc:14:0:
/usr/include/v8.h:5619:4: note: static T* v8::Persistent<T>::New(v8::Isolate*, T*) [with T = v8::String]
 T* Persistent<T>::New(Isolate* isolate, T* that) {
    ^
/usr/include/v8.h:5619:4: note:   candidate expects 2 arguments, 1 provided
../ext/bson.cc:634:68: error: no matching function for call to ‘v8::Persistent<v8::String>::New(v8::Local<v8::String>)’
  timestampString = Persistent<String>::New(String::New("Timestamp"));
                                                                    ^
../ext/bson.cc:634:68: note: candidate is:
In file included from ../ext/bson.cc:14:0:
/usr/include/v8.h:5619:4: note: static T* v8::Persistent<T>::New(v8::Isolate*, T*) [with T = v8::String]
 T* Persistent<T>::New(Isolate* isolate, T* that) {
    ^
/usr/include/v8.h:5619:4: note:   candidate expects 2 arguments, 1 provided
../ext/bson.cc:635:62: error: no matching function for call to ‘v8::Persistent<v8::String>::New(v8::Local<v8::String>)’
  minKeyString = Persistent<String>::New(String::New("MinKey"));
                                                              ^
../ext/bson.cc:635:62: note: candidate is:
In file included from ../ext/bson.cc:14:0:
/usr/include/v8.h:5619:4: note: static T* v8::Persistent<T>::New(v8::Isolate*, T*) [with T = v8::String]
 T* Persistent<T>::New(Isolate* isolate, T* that) {
    ^
/usr/include/v8.h:5619:4: note:   candidate expects 2 arguments, 1 provided
../ext/bson.cc:636:62: error: no matching function for call to ‘v8::Persistent<v8::String>::New(v8::Local<v8::String>)’
  maxKeyString = Persistent<String>::New(String::New("MaxKey"));
                                                              ^
../ext/bson.cc:636:62: note: candidate is:
In file included from ../ext/bson.cc:14:0:
/usr/include/v8.h:5619:4: note: static T* v8::Persistent<T>::New(v8::Isolate*, T*) [with T = v8::String]
 T* Persistent<T>::New(Isolate* isolate, T* that) {
    ^
/usr/include/v8.h:5619:4: note:   candidate expects 2 arguments, 1 provided
../ext/bson.cc: In static member function ‘static void BSON::Initialize(v8::Handle<v8::Object>)’:
../ext/bson.cc:644:55: error: invalid conversion from ‘v8::Handle<v8::Value> (*)(const int&)’ to ‘v8::FunctionCallback {aka void (*)(const v8::FunctionCallbackInfo<v8::Value>&)}’ [-fpermissive]
  Local<FunctionTemplate> t = FunctionTemplate::New(New);
                                                       ^
In file included from ../ext/bson.cc:14:0:
/usr/include/v8.h:3320:34: error:   initializing argument 1 of ‘static v8::Local<v8::FunctionTemplate> v8::FunctionTemplate::New(v8::FunctionCallback, v8::Handle<v8::Value>, v8::Handle<v8::Signature>, int)’ [-fpermissive]
   static Local<FunctionTemplate> New(
                                  ^
../ext/bson.cc:645:60: error: no matching function for call to ‘v8::Persistent<v8::FunctionTemplate>::New(v8::Local<v8::FunctionTemplate>&)’
  constructor_template = Persistent<FunctionTemplate>::New(t);
                                                            ^
../ext/bson.cc:645:60: note: candidate is:
In file included from ../ext/bson.cc:14:0:
/usr/include/v8.h:5619:4: note: static T* v8::Persistent<T>::New(v8::Isolate*, T*) [with T = v8::FunctionTemplate]
 T* Persistent<T>::New(Isolate* isolate, T* that) {
    ^
/usr/include/v8.h:5619:4: note:   candidate expects 2 arguments, 1 provided
In file included from /usr/include/v8stdint.h:36:0,
                 from /usr/include/v8.h:41,
                 from ../ext/bson.cc:14:
/usr/include/v8.h:781:3: error: ‘T* v8::Persistent<T>::operator->() const [with T = v8::FunctionTemplate]’ is private
   V8_INLINE(T* operator->() const) { return val_; }
   ^
../ext/bson.cc:646:22: error: within this context
  constructor_template->InstanceTemplate()->SetInternalFieldCount(1);
                      ^
In file included from /usr/include/v8stdint.h:36:0,
                 from /usr/include/v8.h:41,
                 from ../ext/bson.cc:14:
/usr/include/v8.h:781:3: error: ‘T* v8::Persistent<T>::operator->() const [with T = v8::FunctionTemplate]’ is private
   V8_INLINE(T* operator->() const) { return val_; }
   ^
../ext/bson.cc:647:22: error: within this context
  constructor_template->SetClassName(String::NewSymbol("BSON"));
                      ^
../ext/bson.cc:650:92: error: no matching function for call to ‘SetPrototypeMethod(v8::Persistent<v8::FunctionTemplate>&, const char [20], v8::Handle<v8::Value> (&)(const int&))’
  NODE_SET_PROTOTYPE_METHOD(constructor_template, "calculateObjectSize", CalculateObjectSize);
                                                                                            ^
../ext/bson.cc:650:92: note: candidate is:
In file included from ../ext/bson.cc:22:0:
/usr/include/node/node.h:120:6: note: template<class target_t> void node::SetPrototypeMethod(target_t, const char*, int)
 void SetPrototypeMethod(target_t target,
      ^
/usr/include/node/node.h:120:6: note:   template argument deduction/substitution failed:
../ext/bson.cc:650:92: note:   cannot convert ‘BSON::CalculateObjectSize’ (type ‘v8::Handle<v8::Value>(const int&)’) to type ‘int’
  NODE_SET_PROTOTYPE_METHOD(constructor_template, "calculateObjectSize", CalculateObjectSize);
                                                                                            ^
../ext/bson.cc:651:76: error: no matching function for call to ‘SetPrototypeMethod(v8::Persistent<v8::FunctionTemplate>&, const char [10], v8::Handle<v8::Value> (&)(const int&))’
  NODE_SET_PROTOTYPE_METHOD(constructor_template, "serialize", BSONSerialize);
                                                                            ^
../ext/bson.cc:651:76: note: candidate is:
In file included from ../ext/bson.cc:22:0:
/usr/include/node/node.h:120:6: note: template<class target_t> void node::SetPrototypeMethod(target_t, const char*, int)
 void SetPrototypeMethod(target_t target,
      ^
/usr/include/node/node.h:120:6: note:   template argument deduction/substitution failed:
../ext/bson.cc:651:76: note:   cannot convert ‘BSON::BSONSerialize’ (type ‘v8::Handle<v8::Value>(const int&)’) to type ‘int’
  NODE_SET_PROTOTYPE_METHOD(constructor_template, "serialize", BSONSerialize);
                                                                            ^
../ext/bson.cc:652:108: error: no matching function for call to ‘SetPrototypeMethod(v8::Persistent<v8::FunctionTemplate>&, const char [28], v8::Handle<v8::Value> (&)(const int&))’
  NODE_SET_PROTOTYPE_METHOD(constructor_template, "serializeWithBufferAndIndex", SerializeWithBufferAndIndex);
                                                                                                            ^
../ext/bson.cc:652:108: note: candidate is:
In file included from ../ext/bson.cc:22:0:
/usr/include/node/node.h:120:6: note: template<class target_t> void node::SetPrototypeMethod(target_t, const char*, int)
 void SetPrototypeMethod(target_t target,
      ^
/usr/include/node/node.h:120:6: note:   template argument deduction/substitution failed:
../ext/bson.cc:652:108: note:   cannot convert ‘BSON::SerializeWithBufferAndIndex’ (type ‘v8::Handle<v8::Value>(const int&)’) to type ‘int’
  NODE_SET_PROTOTYPE_METHOD(constructor_template, "serializeWithBufferAndIndex", SerializeWithBufferAndIndex);
                                                                                                            ^
../ext/bson.cc:653:80: error: no matching function for call to ‘SetPrototypeMethod(v8::Persistent<v8::FunctionTemplate>&, const char [12], v8::Handle<v8::Value> (&)(const int&))’
  NODE_SET_PROTOTYPE_METHOD(constructor_template, "deserialize", BSONDeserialize);
                                                                                ^
../ext/bson.cc:653:80: note: candidate is:
In file included from ../ext/bson.cc:22:0:
/usr/include/node/node.h:120:6: note: template<class target_t> void node::SetPrototypeMethod(target_t, const char*, int)
 void SetPrototypeMethod(target_t target,
      ^
/usr/include/node/node.h:120:6: note:   template argument deduction/substitution failed:
../ext/bson.cc:653:80: note:   cannot convert ‘BSON::BSONDeserialize’ (type ‘v8::Handle<v8::Value>(const int&)’) to type ‘int’
  NODE_SET_PROTOTYPE_METHOD(constructor_template, "deserialize", BSONDeserialize);
                                                                                ^
../ext/bson.cc:654:92: error: no matching function for call to ‘SetPrototypeMethod(v8::Persistent<v8::FunctionTemplate>&, const char [18], v8::Handle<v8::Value> (&)(const int&))’
  NODE_SET_PROTOTYPE_METHOD(constructor_template, "deserializeStream", BSONDeserializeStream);
                                                                                            ^
../ext/bson.cc:654:92: note: candidate is:
In file included from ../ext/bson.cc:22:0:
/usr/include/node/node.h:120:6: note: template<class target_t> void node::SetPrototypeMethod(target_t, const char*, int)
 void SetPrototypeMethod(target_t target,
      ^
/usr/include/node/node.h:120:6: note:   template argument deduction/substitution failed:
../ext/bson.cc:654:92: note:   cannot convert ‘BSON::BSONDeserializeStream’ (type ‘v8::Handle<v8::Value>(const int&)’) to type ‘int’
  NODE_SET_PROTOTYPE_METHOD(constructor_template, "deserializeStream", BSONDeserializeStream);
                                                                                            ^
In file included from /usr/include/v8stdint.h:36:0,
                 from /usr/include/v8.h:41,
                 from ../ext/bson.cc:14:
/usr/include/v8.h:781:3: error: ‘T* v8::Persistent<T>::operator->() const [with T = v8::FunctionTemplate]’ is private
   V8_INLINE(T* operator->() const) { return val_; }
   ^
../ext/bson.cc:656:66: error: within this context
  target->ForceSet(String::NewSymbol("BSON"), constructor_template->GetFunction());
                                                                  ^
../ext/bson.cc: At global scope:
../ext/bson.cc:660:31: error: ‘Arguments’ does not name a type
 Handle<Value> BSON::New(const Arguments &args)
                               ^
../ext/bson.cc:660:42: error: ISO C++ forbids declaration of ‘args’ with no type [-fpermissive]
 Handle<Value> BSON::New(const Arguments &args)
                                          ^
../ext/bson.cc: In static member function ‘static v8::Handle<v8::Value> BSON::New(const int&)’:
../ext/bson.cc:665:10: error: request for member ‘Length’ in ‘args’, which is of non-class type ‘const int’
  if(args.Length() == 1 && args[0]->IsArray())
          ^
../ext/bson.cc:665:33: error: invalid types ‘const int[int]’ for array subscript
  if(args.Length() == 1 && args[0]->IsArray())
                                 ^
../ext/bson.cc:668:49: error: invalid types ‘const int[int]’ for array subscript
   Local<Array> array = Local<Array>::Cast(args[0]);
                                                 ^
../ext/bson.cc:684:51: error: no matching function for call to ‘v8::String::StrictEquals(v8::Persistent<v8::String>&)’
     if(functionName->StrictEquals(bson->longString)) {
                                                   ^
../ext/bson.cc:684:51: note: candidate is:
In file included from ../ext/bson.cc:14:0:
/usr/include/v8.h:1513:8: note: bool v8::Value::StrictEquals(v8::Handle<v8::Value>) const
   bool StrictEquals(Handle<Value> that) const;
        ^
/usr/include/v8.h:1513:8: note:   no known conversion for argument 1 from ‘v8::Persistent<v8::String>’ to ‘v8::Handle<v8::Value>’
../ext/bson.cc:685:60: error: no matching function for call to ‘v8::Persistent<v8::Function>::New(v8::Local<v8::Function>&)’
      bson->longConstructor = Persistent<Function>::New(func);
                                                            ^
../ext/bson.cc:685:60: note: candidate is:
In file included from ../ext/bson.cc:14:0:
/usr/include/v8.h:5619:4: note: static T* v8::Persistent<T>::New(v8::Isolate*, T*) [with T = v8::Function]
 T* Persistent<T>::New(Isolate* isolate, T* that) {
    ^
/usr/include/v8.h:5619:4: note:   candidate expects 2 arguments, 1 provided
../ext/bson.cc:687:62: error: no matching function for call to ‘v8::String::StrictEquals(v8::Persistent<v8::String>&)’
     } else if(functionName->StrictEquals(bson->objectIDString)) {
                                                              ^
../ext/bson.cc:687:62: note: candidate is:
In file included from ../ext/bson.cc:14:0:
/usr/include/v8.h:1513:8: note: bool v8::Value::StrictEquals(v8::Handle<v8::Value>) const
   bool StrictEquals(Handle<Value> that) const;
        ^
/usr/include/v8.h:1513:8: note:   no known conversion for argument 1 from ‘v8::Persistent<v8::String>’ to ‘v8::Handle<v8::Value>’
../ext/bson.cc:688:64: error: no matching function for call to ‘v8::Persistent<v8::Function>::New(v8::Local<v8::Function>&)’
      bson->objectIDConstructor = Persistent<Function>::New(func);
                                                                ^
../ext/bson.cc:688:64: note: candidate is:
In file included from ../ext/bson.cc:14:0:
/usr/include/v8.h:5619:4: note: static T* v8::Persistent<T>::New(v8::Isolate*, T*) [with T = v8::Function]
 T* Persistent<T>::New(Isolate* isolate, T* that) {
    ^
/usr/include/v8.h:5619:4: note:   candidate expects 2 arguments, 1 provided
../ext/bson.cc:690:60: error: no matching function for call to ‘v8::String::StrictEquals(v8::Persistent<v8::String>&)’
     } else if(functionName->StrictEquals(bson->binaryString)) {
                                                            ^
../ext/bson.cc:690:60: note: candidate is:
In file included from ../ext/bson.cc:14:0:
/usr/include/v8.h:1513:8: note: bool v8::Value::StrictEquals(v8::Handle<v8::Value>) const
   bool StrictEquals(Handle<Value> that) const;
        ^
/usr/include/v8.h:1513:8: note:   no known conversion for argument 1 from ‘v8::Persistent<v8::String>’ to ‘v8::Handle<v8::Value>’
../ext/bson.cc:691:62: error: no matching function for call to ‘v8::Persistent<v8::Function>::New(v8::Local<v8::Function>&)’
      bson->binaryConstructor = Persistent<Function>::New(func);
                                                              ^
../ext/bson.cc:691:62: note: candidate is:
In file included from ../ext/bson.cc:14:0:
/usr/include/v8.h:5619:4: note: static T* v8::Persistent<T>::New(v8::Isolate*, T*) [with T = v8::Function]
 T* Persistent<T>::New(Isolate* isolate, T* that) {
    ^
/usr/include/v8.h:5619:4: note:   candidate expects 2 arguments, 1 provided
../ext/bson.cc:693:58: error: no matching function for call to ‘v8::String::StrictEquals(v8::Persistent<v8::String>&)’
     } else if(functionName->StrictEquals(bson->codeString)) {
                                                          ^
../ext/bson.cc:693:58: note: candidate is:
In file included from ../ext/bson.cc:14:0:
/usr/include/v8.h:1513:8: note: bool v8::Value::StrictEquals(v8::Handle<v8::Value>) const
   bool StrictEquals(Handle<Value> that) const;
        ^
/usr/include/v8.h:1513:8: note:   no known conversion for argument 1 from ‘v8::Persistent<v8::String>’ to ‘v8::Handle<v8::Value>’
../ext/bson.cc:694:60: error: no matching function for call to ‘v8::Persistent<v8::Function>::New(v8::Local<v8::Function>&)’
      bson->codeConstructor = Persistent<Function>::New(func);
                                                            ^
../ext/bson.cc:694:60: note: candidate is:
In file included from ../ext/bson.cc:14:0:
/usr/include/v8.h:5619:4: note: static T* v8::Persistent<T>::New(v8::Isolate*, T*) [with T = v8::Function]
 T* Persistent<T>::New(Isolate* isolate, T* that) {
    ^
/usr/include/v8.h:5619:4: note:   candidate expects 2 arguments, 1 provided
../ext/bson.cc:696:59: error: no matching function for call to ‘v8::String::StrictEquals(v8::Persistent<v8::String>&)’
     } else if(functionName->StrictEquals(bson->dbrefString)) {
                                                           ^
../ext/bson.cc:696:59: note: candidate is:
In file included from ../ext/bson.cc:14:0:
/usr/include/v8.h:1513:8: note: bool v8::Value::StrictEquals(v8::Handle<v8::Value>) const
   bool StrictEquals(Handle<Value> that) const;
        ^
/usr/include/v8.h:1513:8: note:   no known conversion for argument 1 from ‘v8::Persistent<v8::String>’ to ‘v8::Handle<v8::Value>’
../ext/bson.cc:697:61: error: no matching function for call to ‘v8::Persistent<v8::Function>::New(v8::Local<v8::Function>&)’
      bson->dbrefConstructor = Persistent<Function>::New(func);
                                                             ^
../ext/bson.cc:697:61: note: candidate is:
In file included from ../ext/bson.cc:14:0:
/usr/include/v8.h:5619:4: note: static T* v8::Persistent<T>::New(v8::Isolate*, T*) [with T = v8::Function]
 T* Persistent<T>::New(Isolate* isolate, T* that) {
    ^
/usr/include/v8.h:5619:4: note:   candidate expects 2 arguments, 1 provided
../ext/bson.cc:699:60: error: no matching function for call to ‘v8::String::StrictEquals(v8::Persistent<v8::String>&)’
     } else if(functionName->StrictEquals(bson->symbolString)) {
                                                            ^
../ext/bson.cc:699:60: note: candidate is:
In file included from ../ext/bson.cc:14:0:
/usr/include/v8.h:1513:8: note: bool v8::Value::StrictEquals(v8::Handle<v8::Value>) const
   bool StrictEquals(Handle<Value> that) const;
        ^
/usr/include/v8.h:1513:8: note:   no known conversion for argument 1 from ‘v8::Persistent<v8::String>’ to ‘v8::Handle<v8::Value>’
../ext/bson.cc:700:62: error: no matching function for call to ‘v8::Persistent<v8::Function>::New(v8::Local<v8::Function>&)’
      bson->symbolConstructor = Persistent<Function>::New(func);
                                                              ^
../ext/bson.cc:700:62: note: candidate is:
In file included from ../ext/bson.cc:14:0:
/usr/include/v8.h:5619:4: note: static T* v8::Persistent<T>::New(v8::Isolate*, T*) [with T = v8::Function]
 T* Persistent<T>::New(Isolate* isolate, T* that) {
    ^
/usr/include/v8.h:5619:4: note:   candidate expects 2 arguments, 1 provided
../ext/bson.cc:702:60: error: no matching function for call to ‘v8::String::StrictEquals(v8::Persistent<v8::String>&)’
     } else if(functionName->StrictEquals(bson->doubleString)) {
                                                            ^
../ext/bson.cc:702:60: note: candidate is:
In file included from ../ext/bson.cc:14:0:
/usr/include/v8.h:1513:8: note: bool v8::Value::StrictEquals(v8::Handle<v8::Value>) const
   bool StrictEquals(Handle<Value> that) const;
        ^
/usr/include/v8.h:1513:8: note:   no known conversion for argument 1 from ‘v8::Persistent<v8::String>’ to ‘v8::Handle<v8::Value>’
../ext/bson.cc:703:62: error: no matching function for call to ‘v8::Persistent<v8::Function>::New(v8::Local<v8::Function>&)’
      bson->doubleConstructor = Persistent<Function>::New(func);
                                                              ^
../ext/bson.cc:703:62: note: candidate is:
In file included from ../ext/bson.cc:14:0:
/usr/include/v8.h:5619:4: note: static T* v8::Persistent<T>::New(v8::Isolate*, T*) [with T = v8::Function]
 T* Persistent<T>::New(Isolate* isolate, T* that) {
    ^
/usr/include/v8.h:5619:4: note:   candidate expects 2 arguments, 1 provided
../ext/bson.cc:705:63: error: no matching function for call to ‘v8::String::StrictEquals(v8::Persistent<v8::String>&)’
     } else if(functionName->StrictEquals(bson->timestampString)) {
                                                               ^
../ext/bson.cc:705:63: note: candidate is:
In file included from ../ext/bson.cc:14:0:
/usr/include/v8.h:1513:8: note: bool v8::Value::StrictEquals(v8::Handle<v8::Value>) const
   bool StrictEquals(Handle<Value> that) const;
        ^
/usr/include/v8.h:1513:8: note:   no known conversion for argument 1 from ‘v8::Persistent<v8::String>’ to ‘v8::Handle<v8::Value>’
../ext/bson.cc:706:65: error: no matching function for call to ‘v8::Persistent<v8::Function>::New(v8::Local<v8::Function>&)’
      bson->timestampConstructor = Persistent<Function>::New(func);
                                                                 ^
../ext/bson.cc:706:65: note: candidate is:
In file included from ../ext/bson.cc:14:0:
/usr/include/v8.h:5619:4: note: static T* v8::Persistent<T>::New(v8::Isolate*, T*) [with T = v8::Function]
 T* Persistent<T>::New(Isolate* isolate, T* that) {
    ^
/usr/include/v8.h:5619:4: note:   candidate expects 2 arguments, 1 provided
../ext/bson.cc:708:60: error: no matching function for call to ‘v8::String::StrictEquals(v8::Persistent<v8::String>&)’
     } else if(functionName->StrictEquals(bson->minKeyString)) {
                                                            ^
../ext/bson.cc:708:60: note: candidate is:
In file included from ../ext/bson.cc:14:0:
/usr/include/v8.h:1513:8: note: bool v8::Value::StrictEquals(v8::Handle<v8::Value>) const
   bool StrictEquals(Handle<Value> that) const;
        ^
/usr/include/v8.h:1513:8: note:   no known conversion for argument 1 from ‘v8::Persistent<v8::String>’ to ‘v8::Handle<v8::Value>’
../ext/bson.cc:709:62: error: no matching function for call to ‘v8::Persistent<v8::Function>::New(v8::Local<v8::Function>&)’
      bson->minKeyConstructor = Persistent<Function>::New(func);
                                                              ^
../ext/bson.cc:709:62: note: candidate is:
In file included from ../ext/bson.cc:14:0:
/usr/include/v8.h:5619:4: note: static T* v8::Persistent<T>::New(v8::Isolate*, T*) [with T = v8::Function]
 T* Persistent<T>::New(Isolate* isolate, T* that) {
    ^
/usr/include/v8.h:5619:4: note:   candidate expects 2 arguments, 1 provided
../ext/bson.cc:711:60: error: no matching function for call to ‘v8::String::StrictEquals(v8::Persistent<v8::String>&)’
     } else if(functionName->StrictEquals(bson->maxKeyString)) {
                                                            ^
../ext/bson.cc:711:60: note: candidate is:
In file included from ../ext/bson.cc:14:0:
/usr/include/v8.h:1513:8: note: bool v8::Value::StrictEquals(v8::Handle<v8::Value>) const
   bool StrictEquals(Handle<Value> that) const;
        ^
/usr/include/v8.h:1513:8: note:   no known conversion for argument 1 from ‘v8::Persistent<v8::String>’ to ‘v8::Handle<v8::Value>’
../ext/bson.cc:712:62: error: no matching function for call to ‘v8::Persistent<v8::Function>::New(v8::Local<v8::Function>&)’
      bson->maxKeyConstructor = Persistent<Function>::New(func);
                                                              ^
../ext/bson.cc:712:62: note: candidate is:
In file included from ../ext/bson.cc:14:0:
/usr/include/v8.h:5619:4: note: static T* v8::Persistent<T>::New(v8::Isolate*, T*) [with T = v8::Function]
 T* Persistent<T>::New(Isolate* isolate, T* that) {
    ^
/usr/include/v8.h:5619:4: note:   candidate expects 2 arguments, 1 provided
../ext/bson.cc:722:21: error: request for member ‘This’ in ‘args’, which is of non-class type ‘const int’
     bson->Wrap(args.This());
                     ^
../ext/bson.cc:723:17: error: request for member ‘This’ in ‘args’, which is of non-class type ‘const int’
     return args.This();
                 ^
../ext/bson.cc: At global scope:
../ext/bson.cc:742:43: error: ‘Arguments’ does not name a type
 Handle<Value> BSON::BSONDeserialize(const Arguments &args)
                                           ^
../ext/bson.cc:742:54: error: ISO C++ forbids declaration of ‘args’ with no type [-fpermissive]
 Handle<Value> BSON::BSONDeserialize(const Arguments &args)
                                                      ^
../ext/bson.cc: In static member function ‘static v8::Handle<v8::Value> BSON::BSONDeserialize(const int&)’:
../ext/bson.cc:747:10: error: request for member ‘Length’ in ‘args’, which is of non-class type ‘const int’
  if(args.Length() > 1 && !args[0]->IsString() && !Buffer::HasInstance(args[0]))
          ^
../ext/bson.cc:747:33: error: invalid types ‘const int[int]’ for array subscript
  if(args.Length() > 1 && !args[0]->IsString() && !Buffer::HasInstance(args[0]))
                                 ^
../ext/bson.cc:747:77: error: invalid types ‘const int[int]’ for array subscript
  if(args.Length() > 1 && !args[0]->IsString() && !Buffer::HasInstance(args[0]))
                                                                             ^
../ext/bson.cc:754:10: error: request for member ‘Length’ in ‘args’, which is of non-class type ‘const int’
  if(args.Length() == 2 && args[1]->IsObject()) {
          ^
../ext/bson.cc:754:33: error: invalid types ‘const int[int]’ for array subscript
  if(args.Length() == 2 && args[1]->IsObject()) {
                                 ^
../ext/bson.cc:755:33: error: invalid types ‘const int[int]’ for array subscript
   Local<Object> options = args[1]->ToObject();
                                 ^
../ext/bson.cc:763:28: error: invalid types ‘const int[int]’ for array subscript
  Local<Object> obj = args[0]->ToObject();
                            ^
../ext/bson.cc:766:45: error: request for member ‘This’ in ‘args’, which is of non-class type ‘const int’
  BSON *bson = ObjectWrap::Unwrap<BSON>(args.This());
                                             ^
../ext/bson.cc:800:35: error: invalid types ‘const int[int]’ for array subscript
   ssize_t len = DecodeBytes(args[0], BINARY);
                                   ^
../ext/bson.cc:807:32: error: invalid types ‘const int[int]’ for array subscript
   DecodeWrite(data, len, args[0], BINARY);
                                ^
../ext/bson.cc: In member function ‘v8::Local<v8::Object> BSON::GetSerializeObject(const v8::Handle<v8::Value>&)’:
../ext/bson.cc:831:30: error: no matching function for call to ‘v8::Object::Has(v8::Persistent<v8::String>&)’
  if(object->Has(_toBSONString))
                              ^
../ext/bson.cc:831:30: note: candidates are:
In file included from ../ext/bson.cc:14:0:
/usr/include/v8.h:2106:8: note: bool v8::Object::Has(v8::Handle<v8::Value>)
   bool Has(Handle<Value> key);
        ^
/usr/include/v8.h:2106:8: note:   no known conversion for argument 1 from ‘v8::Persistent<v8::String>’ to ‘v8::Handle<v8::Value>’
/usr/include/v8.h:2114:8: note: bool v8::Object::Has(uint32_t)
   bool Has(uint32_t index);
        ^
/usr/include/v8.h:2114:8: note:   no known conversion for argument 1 from ‘v8::Persistent<v8::String>’ to ‘uint32_t {aka unsigned int}’
../ext/bson.cc:833:57: error: no matching function for call to ‘v8::Object::Get(v8::Persistent<v8::String>&)’
   const Local<Value>& toBSON = object->Get(_toBSONString);
                                                         ^
../ext/bson.cc:833:57: note: candidates are:
In file included from ../ext/bson.cc:14:0:
/usr/include/v8.h:2095:16: note: v8::Local<v8::Value> v8::Object::Get(v8::Handle<v8::Value>)
   Local<Value> Get(Handle<Value> key);
                ^
/usr/include/v8.h:2095:16: note:   no known conversion for argument 1 from ‘v8::Persistent<v8::String>’ to ‘v8::Handle<v8::Value>’
/usr/include/v8.h:2097:16: note: v8::Local<v8::Value> v8::Object::Get(uint32_t)
   Local<Value> Get(uint32_t index);
                ^
/usr/include/v8.h:2097:16: note:   no known conversion for argument 1 from ‘v8::Persistent<v8::String>’ to ‘uint32_t {aka unsigned int}’
../ext/bson.cc: At global scope:
../ext/bson.cc:846:41: error: ‘Arguments’ does not name a type
 Handle<Value> BSON::BSONSerialize(const Arguments &args)
                                         ^
../ext/bson.cc:846:52: error: ISO C++ forbids declaration of ‘args’ with no type [-fpermissive]
 Handle<Value> BSON::BSONSerialize(const Arguments &args)
                                                    ^
../ext/bson.cc: In static member function ‘static v8::Handle<v8::Value> BSON::BSONSerialize(const int&)’:
../ext/bson.cc:850:10: error: request for member ‘Length’ in ‘args’, which is of non-class type ‘const int’
  if(args.Length() == 1 && !args[0]->IsObject()) return VException("One, two or tree arguments required - [object] or [object, boolean] or [object, boolean, boolean]");
          ^
../ext/bson.cc:850:34: error: invalid types ‘const int[int]’ for array subscript
  if(args.Length() == 1 && !args[0]->IsObject()) return VException("One, two or tree arguments required - [object] or [object, boolean] or [object, boolean, boolean]");
                                  ^
../ext/bson.cc:851:10: error: request for member ‘Length’ in ‘args’, which is of non-class type ‘const int’
  if(args.Length() == 2 && !args[0]->IsObject() && !args[1]->IsBoolean()) return VException("One, two or tree arguments required - [object] or [object, boolean] or [object, boolean, boolean]");
          ^
../ext/bson.cc:851:34: error: invalid types ‘const int[int]’ for array subscript
  if(args.Length() == 2 && !args[0]->IsObject() && !args[1]->IsBoolean()) return VException("One, two or tree arguments required - [object] or [object, boolean] or [object, boolean, boolean]");
                                  ^
../ext/bson.cc:851:58: error: invalid types ‘const int[int]’ for array subscript
  if(args.Length() == 2 && !args[0]->IsObject() && !args[1]->IsBoolean()) return VException("One, two or tree arguments required - [object] or [object, boolean] or [object, boolean, boolean]");
                                                          ^
../ext/bson.cc:852:10: error: request for member ‘Length’ in ‘args’, which is of non-class type ‘const int’
  if(args.Length() == 3 && !args[0]->IsObject() && !args[1]->IsBoolean() && !args[2]->IsBoolean()) return VException("One, two or tree arguments required - [object] or [object, boolean] or [object, boolean, boolean]");
          ^
../ext/bson.cc:852:34: error: invalid types ‘const int[int]’ for array subscript
  if(args.Length() == 3 && !args[0]->IsObject() && !args[1]->IsBoolean() && !args[2]->IsBoolean()) return VException("One, two or tree arguments required - [object] or [object, boolean] or [object, boolean, boolean]");
                                  ^
../ext/bson.cc:852:58: error: invalid types ‘const int[int]’ for array subscript
  if(args.Length() == 3 && !args[0]->IsObject() && !args[1]->IsBoolean() && !args[2]->IsBoolean()) return VException("One, two or tree arguments required - [object] or [object, boolean] or [object, boolean, boolean]");
                                                          ^
../ext/bson.cc:852:83: error: invalid types ‘const int[int]’ for array subscript
  if(args.Length() == 3 && !args[0]->IsObject() && !args[1]->IsBoolean() && !args[2]->IsBoolean()) return VException("One, two or tree arguments required - [object] or [object, boolean] or [object, boolean, boolean]");
                                                                                   ^
../ext/bson.cc:853:10: error: request for member ‘Length’ in ‘args’, which is of non-class type ‘const int’
  if(args.Length() == 4 && !args[0]->IsObject() && !args[1]->IsBoolean() && !args[2]->IsBoolean() && !args[3]->IsBoolean()) return VException("One, two or tree arguments required - [object] or [object, boolean] or [object, boolean, boolean] or [object, boolean, boolean, boolean]");
          ^
../ext/bson.cc:853:34: error: invalid types ‘const int[int]’ for array subscript
  if(args.Length() == 4 && !args[0]->IsObject() && !args[1]->IsBoolean() && !args[2]->IsBoolean() && !args[3]->IsBoolean()) return VException("One, two or tree arguments required - [object] or [object, boolean] or [object, boolean, boolean] or [object, boolean, boolean, boolean]");
                                  ^
../ext/bson.cc:853:58: error: invalid types ‘const int[int]’ for array subscript
  if(args.Length() == 4 && !args[0]->IsObject() && !args[1]->IsBoolean() && !args[2]->IsBoolean() && !args[3]->IsBoolean()) return VException("One, two or tree arguments required - [object] or [object, boolean] or [object, boolean, boolean] or [object, boolean, boolean, boolean]");
                                                          ^
../ext/bson.cc:853:83: error: invalid types ‘const int[int]’ for array subscript
  if(args.Length() == 4 && !args[0]->IsObject() && !args[1]->IsBoolean() && !args[2]->IsBoolean() && !args[3]->IsBoolean()) return VException("One, two or tree arguments required - [object] or [object, boolean] or [object, boolean, boolean] or [object, boolean, boolean, boolean]");
                                                                                   ^
../ext/bson.cc:853:108: error: invalid types ‘const int[int]’ for array subscript
  if(args.Length() == 4 && !args[0]->IsObject() && !args[1]->IsBoolean() && !args[2]->IsBoolean() && !args[3]->IsBoolean()) return VException("One, two or tree arguments required - [object] or [object, boolean] or [object, boolean, boolean] or [object, boolean, boolean, boolean]");
                                                                                                            ^
../ext/bson.cc:854:10: error: request for member ‘Length’ in ‘args’, which is of non-class type ‘const int’
  if(args.Length() > 4) return VException("One, two, tree or four arguments required - [object] or [object, boolean] or [object, boolean, boolean] or [object, boolean, boolean, boolean]");
          ^
../ext/bson.cc:857:11: error: invalid types ‘const int[int]’ for array subscript
  if(args[0]->IsArray()) return VException("Only javascript objects supported");
           ^
../ext/bson.cc:860:45: error: request for member ‘This’ in ‘args’, which is of non-class type ‘const int’
  BSON *bson = ObjectWrap::Unwrap<BSON>(args.This());
                                             ^
../ext/bson.cc:864:34: error: request for member ‘Length’ in ‘args’, which is of non-class type ‘const int’
  bool serializeFunctions = (args.Length() >= 4) && args[3]->BooleanValue();
                                  ^
../ext/bson.cc:864:58: error: invalid types ‘const int[int]’ for array subscript
  bool serializeFunctions = (args.Length() >= 4) && args[3]->BooleanValue();
                                                          ^
../ext/bson.cc:870:57: error: invalid types ‘const int[int]’ for array subscript
   Local<Object> object = bson->GetSerializeObject(args[0]);
                                                         ^
../ext/bson.cc:880:25: error: request for member ‘Length’ in ‘args’, which is of non-class type ‘const int’
   bool checkKeys = args.Length() >= 3 && args[1]->IsBoolean() && args[1]->BooleanValue();
                         ^
../ext/bson.cc:880:48: error: invalid types ‘const int[int]’ for array subscript
   bool checkKeys = args.Length() >= 3 && args[1]->IsBoolean() && args[1]->BooleanValue();
                                                ^
../ext/bson.cc:880:72: error: invalid types ‘const int[int]’ for array subscript
   bool checkKeys = args.Length() >= 3 && args[1]->IsBoolean() && args[1]->BooleanValue();
                                                                        ^
../ext/bson.cc:893:10: error: request for member ‘Length’ in ‘args’, which is of non-class type ‘const int’
  if(args.Length() == 3 || args.Length() == 4)
          ^
../ext/bson.cc:893:32: error: request for member ‘Length’ in ‘args’, which is of non-class type ‘const int’
  if(args.Length() == 3 || args.Length() == 4)
                                ^
../ext/bson.cc:897:37: error: no matching function for call to ‘v8::HandleScope::Close(v8::Persistent<v8::Object>&)’
   return scope.Close(buffer->handle_);
                                     ^
../ext/bson.cc:897:37: note: candidate is:
In file included from ../ext/bson.cc:14:0:
/usr/include/v8.h:827:31: note: template<class T> v8::Local<T> v8::HandleScope::Close(v8::Handle<T>)
   template <class T> Local<T> Close(Handle<T> value);
                               ^
/usr/include/v8.h:827:31: note:   template argument deduction/substitution failed:
../ext/bson.cc:897:37: note:   ‘v8::Persistent<v8::Object>’ is not derived from ‘v8::Handle<T>’
   return scope.Close(buffer->handle_);
                                     ^
../ext/bson.cc: At global scope:
../ext/bson.cc:907:47: error: ‘Arguments’ does not name a type
 Handle<Value> BSON::CalculateObjectSize(const Arguments &args)
                                               ^
../ext/bson.cc:907:58: error: ISO C++ forbids declaration of ‘args’ with no type [-fpermissive]
 Handle<Value> BSON::CalculateObjectSize(const Arguments &args)
                                                          ^
../ext/bson.cc: In static member function ‘static v8::Handle<v8::Value> BSON::CalculateObjectSize(const int&)’:
../ext/bson.cc:911:10: error: request for member ‘Length’ in ‘args’, which is of non-class type ‘const int’
  if(args.Length() == 1 && !args[0]->IsObject()) return VException("One argument required - [object]");
          ^
../ext/bson.cc:911:34: error: invalid types ‘const int[int]’ for array subscript
  if(args.Length() == 1 && !args[0]->IsObject()) return VException("One argument required - [object]");
                                  ^
../ext/bson.cc:912:10: error: request for member ‘Length’ in ‘args’, which is of non-class type ‘const int’
  if(args.Length() == 2 && !args[0]->IsObject() && !args[1]->IsBoolean())  return VException("Two arguments required - [object, boolean]");
          ^
../ext/bson.cc:912:34: error: invalid types ‘const int[int]’ for array subscript
  if(args.Length() == 2 && !args[0]->IsObject() && !args[1]->IsBoolean())  return VException("Two arguments required - [object, boolean]");
                                  ^
../ext/bson.cc:912:58: error: invalid types ‘const int[int]’ for array subscript
  if(args.Length() == 2 && !args[0]->IsObject() && !args[1]->IsBoolean())  return VException("Two arguments required - [object, boolean]");
                                                          ^
../ext/bson.cc:913:10: error: request for member ‘Length’ in ‘args’, which is of non-class type ‘const int’
  if(args.Length() > 3) return VException("One or two arguments required - [object] or [object, boolean]");
          ^
../ext/bson.cc:916:45: error: request for member ‘This’ in ‘args’, which is of non-class type ‘const int’
  BSON *bson = ObjectWrap::Unwrap<BSON>(args.This());
                                             ^
../ext/bson.cc:917:34: error: request for member ‘Length’ in ‘args’, which is of non-class type ‘const int’
  bool serializeFunctions = (args.Length() >= 2) && args[1]->BooleanValue();
                                  ^
../ext/bson.cc:917:58: error: invalid types ‘const int[int]’ for array subscript
  bool serializeFunctions = (args.Length() >= 2) && args[1]->BooleanValue();
                                                          ^
../ext/bson.cc:919:42: error: invalid types ‘const int[int]’ for array subscript
  countSerializer.SerializeDocument(args[0]);
                                          ^
../ext/bson.cc: At global scope:
../ext/bson.cc:925:55: error: ‘Arguments’ does not name a type
 Handle<Value> BSON::SerializeWithBufferAndIndex(const Arguments &args)
                                                       ^
../ext/bson.cc:925:66: error: ISO C++ forbids declaration of ‘args’ with no type [-fpermissive]
 Handle<Value> BSON::SerializeWithBufferAndIndex(const Arguments &args)
                                                                  ^
../ext/bson.cc: In static member function ‘static v8::Handle<v8::Value> BSON::SerializeWithBufferAndIndex(const int&)’:
../ext/bson.cc:931:10: error: request for member ‘Length’ in ‘args’, which is of non-class type ‘const int’
  if(args.Length() > 5) return VException("Four or five parameters required [object, boolean, Buffer, int] or [object, boolean, Buffer, int, boolean]");
          ^
../ext/bson.cc:932:10: error: request for member ‘Length’ in ‘args’, which is of non-class type ‘const int’
  if(args.Length() == 4 && !args[0]->IsObject() && !args[1]->IsBoolean() && !Buffer::HasInstance(args[2]) && !args[3]->IsUint32()) return VException("Four parameters required [object, boolean, Buffer, int]");
          ^
../ext/bson.cc:932:34: error: invalid types ‘const int[int]’ for array subscript
  if(args.Length() == 4 && !args[0]->IsObject() && !args[1]->IsBoolean() && !Buffer::HasInstance(args[2]) && !args[3]->IsUint32()) return VException("Four parameters required [object, boolean, Buffer, int]");
                                  ^
../ext/bson.cc:932:58: error: invalid types ‘const int[int]’ for array subscript
  if(args.Length() == 4 && !args[0]->IsObject() && !args[1]->IsBoolean() && !Buffer::HasInstance(args[2]) && !args[3]->IsUint32()) return VException("Four parameters required [object, boolean, Buffer, int]");
                                                          ^
../ext/bson.cc:932:103: error: invalid types ‘const int[int]’ for array subscript
  if(args.Length() == 4 && !args[0]->IsObject() && !args[1]->IsBoolean() && !Buffer::HasInstance(args[2]) && !args[3]->IsUint32()) return VException("Four parameters required [object, boolean, Buffer, int]");
                                                                                                       ^
../ext/bson.cc:932:116: error: invalid types ‘const int[int]’ for array subscript
  if(args.Length() == 4 && !args[0]->IsObject() && !args[1]->IsBoolean() && !Buffer::HasInstance(args[2]) && !args[3]->IsUint32()) return VException("Four parameters required [object, boolean, Buffer, int]");
                                                                                                                    ^
../ext/bson.cc:933:10: error: request for member ‘Length’ in ‘args’, which is of non-class type ‘const int’
  if(args.Length() == 5 && !args[0]->IsObject() && !args[1]->IsBoolean() && !Buffer::HasInstance(args[2]) && !args[3]->IsUint32() && !args[4]->IsBoolean()) return VException("Four parameters required [object, boolean, Buffer, int, boolean]");
          ^
../ext/bson.cc:933:34: error: invalid types ‘const int[int]’ for array subscript
  if(args.Length() == 5 && !args[0]->IsObject() && !args[1]->IsBoolean() && !Buffer::HasInstance(args[2]) && !args[3]->IsUint32() && !args[4]->IsBoolean()) return VException("Four parameters required [object, boolean, Buffer, int, boolean]");
                                  ^
../ext/bson.cc:933:58: error: invalid types ‘const int[int]’ for array subscript
  if(args.Length() == 5 && !args[0]->IsObject() && !args[1]->IsBoolean() && !Buffer::HasInstance(args[2]) && !args[3]->IsUint32() && !args[4]->IsBoolean()) return VException("Four parameters required [object, boolean, Buffer, int, boolean]");
                                                          ^
../ext/bson.cc:933:103: error: invalid types ‘const int[int]’ for array subscript
  if(args.Length() == 5 && !args[0]->IsObject() && !args[1]->IsBoolean() && !Buffer::HasInstance(args[2]) && !args[3]->IsUint32() && !args[4]->IsBoolean()) return VException("Four parameters required [object, boolean, Buffer, int, boolean]");
                                                                                                       ^
../ext/bson.cc:933:116: error: invalid types ‘const int[int]’ for array subscript
  if(args.Length() == 5 && !args[0]->IsObject() && !args[1]->IsBoolean() && !Buffer::HasInstance(args[2]) && !args[3]->IsUint32() && !args[4]->IsBoolean()) return VException("Four parameters required [object, boolean, Buffer, int, boolean]");
                                                                                                                    ^
../ext/bson.cc:933:140: error: invalid types ‘const int[int]’ for array subscript
  if(args.Length() == 5 && !args[0]->IsObject() && !args[1]->IsBoolean() && !Buffer::HasInstance(args[2]) && !args[3]->IsUint32() && !args[4]->IsBoolean()) return VException("Four parameters required [object, boolean, Buffer, int, boolean]");
                                                                                                                                            ^
../ext/bson.cc:940:46: error: request for member ‘This’ in ‘args’, which is of non-class type ‘const int’
   BSON *bson = ObjectWrap::Unwrap<BSON>(args.This());
                                              ^
../ext/bson.cc:942:29: error: invalid types ‘const int[int]’ for array subscript
   Local<Object> obj = args[2]->ToObject();
                             ^
../ext/bson.cc:946:17: error: invalid types ‘const int[int]’ for array subscript
   index = args[3]->Uint32Value();
                 ^
../ext/bson.cc:947:25: error: request for member ‘Length’ in ‘args’, which is of non-class type ‘const int’
   bool checkKeys = args.Length() >= 4 && args[1]->IsBoolean() && args[1]->BooleanValue();
                         ^
../ext/bson.cc:947:48: error: invalid types ‘const int[int]’ for array subscript
   bool checkKeys = args.Length() >= 4 && args[1]->IsBoolean() && args[1]->BooleanValue();
                                                ^
../ext/bson.cc:947:72: error: invalid types ‘const int[int]’ for array subscript
   bool checkKeys = args.Length() >= 4 && args[1]->IsBoolean() && args[1]->BooleanValue();
                                                                        ^
../ext/bson.cc:948:35: error: request for member ‘Length’ in ‘args’, which is of non-class type ‘const int’
   bool serializeFunctions = (args.Length() == 5) && args[4]->BooleanValue();
                                   ^
../ext/bson.cc:948:59: error: invalid types ‘const int[int]’ for array subscript
   bool serializeFunctions = (args.Length() == 5) && args[4]->BooleanValue();
                                                           ^
../ext/bson.cc:951:67: error: invalid types ‘const int[int]’ for array subscript
   dataSerializer.SerializeDocument(bson->GetSerializeObject(args[0]));
                                                                   ^
../ext/bson.cc: At global scope:
../ext/bson.cc:966:49: error: ‘Arguments’ does not name a type
 Handle<Value> BSON::BSONDeserializeStream(const Arguments &args)
                                                 ^
../ext/bson.cc:966:60: error: ISO C++ forbids declaration of ‘args’ with no type [-fpermissive]
 Handle<Value> BSON::BSONDeserializeStream(const Arguments &args)
                                                            ^
../ext/bson.cc: In static member function ‘static v8::Handle<v8::Value> BSON::BSONDeserializeStream(const int&)’:
../ext/bson.cc:971:10: error: request for member ‘Length’ in ‘args’, which is of non-class type ‘const int’
  if(args.Length() < 5) return VException("Arguments required (Buffer(data), Number(index in data), Number(number of documents to deserialize), Array(results), Number(index in the array), Object(optional))");
          ^
../ext/bson.cc:974:10: error: request for member ‘Length’ in ‘args’, which is of non-class type ‘const int’
  if(args.Length() >= 5)
          ^
../ext/bson.cc:976:33: error: invalid types ‘const int[int]’ for array subscript
   if(!Buffer::HasInstance(args[0])) return VException("First argument must be Buffer instance");
                                 ^
../ext/bson.cc:977:13: error: invalid types ‘const int[int]’ for array subscript
   if(!args[1]->IsUint32()) return VException("Second argument must be a positive index number");
             ^
../ext/bson.cc:978:13: error: invalid types ‘const int[int]’ for array subscript
   if(!args[2]->IsUint32()) return VException("Third argument must be a positive number of documents to deserialize");
             ^
../ext/bson.cc:979:13: error: invalid types ‘const int[int]’ for array subscript
   if(!args[3]->IsArray()) return VException("Fourth argument must be an array the size of documents to deserialize");
             ^
../ext/bson.cc:980:13: error: invalid types ‘const int[int]’ for array subscript
   if(!args[4]->IsUint32()) return VException("Sixth argument must be a positive index number");
             ^
../ext/bson.cc:984:10: error: request for member ‘Length’ in ‘args’, which is of non-class type ‘const int’
  if(args.Length() == 6 && !args[5]->IsObject()) return VException("Fifth argument must be an object with options");
          ^
../ext/bson.cc:984:34: error: invalid types ‘const int[int]’ for array subscript
  if(args.Length() == 6 && !args[5]->IsObject()) return VException("Fifth argument must be an object with options");
                                  ^
../ext/bson.cc:987:28: error: invalid types ‘const int[int]’ for array subscript
  Local<Object> obj = args[0]->ToObject();
                            ^
../ext/bson.cc:988:37: error: invalid types ‘const int[int]’ for array subscript
  uint32_t numberOfDocuments = args[2]->Uint32Value();
                                     ^
../ext/bson.cc:989:25: error: invalid types ‘const int[int]’ for array subscript
  uint32_t index = args[1]->Uint32Value();
                         ^
../ext/bson.cc:990:31: error: invalid types ‘const int[int]’ for array subscript
  uint32_t resultIndex = args[4]->Uint32Value();
                               ^
../ext/bson.cc:994:10: error: request for member ‘Length’ in ‘args’, which is of non-class type ‘const int’
  if(args.Length() == 6) {
          ^
../ext/bson.cc:995:33: error: invalid types ‘const int[int]’ for array subscript
   Local<Object> options = args[5]->ToObject();
                                 ^
../ext/bson.cc:1004:45: error: request for member ‘This’ in ‘args’, which is of non-class type ‘const int’
  BSON *bson = ObjectWrap::Unwrap<BSON>(args.This());
                                             ^
../ext/bson.cc:1017:34: error: invalid types ‘const int[int]’ for array subscript
  Local<Object> documents = args[3]->ToObject();
                                  ^
In file included from /usr/include/v8stdint.h:36:0,
                 from /usr/include/v8.h:41,
                 from ../ext/bson.cc:14:
../ext/bson.cc: In instantiation of ‘void BSONSerializer<T>::SerializeValue(void*, const v8::Handle<v8::Value>&) [with T = CountStream]’:
../ext/bson.cc:116:46:   required from ‘void BSONSerializer<T>::SerializeDocument(const v8::Handle<v8::Value>&) [with T = CountStream]’
../ext/bson.cc:873:35:   required from here
/usr/include/v8.h:781:3: error: ‘T* v8::Persistent<T>::operator->() const [with T = v8::String]’ is private
   V8_INLINE(T* operator->() const) { return val_; }
   ^
../ext/bson.cc:206:55: error: within this context
    if(bson->longString->StrictEquals(constructorString))
                                                       ^
../ext/bson.cc:209:5: error: no matching function for call to ‘BSONSerializer<CountStream>::WriteInt32(const v8::Local<v8::Object>&, v8::Persistent<v8::String>&)’
     this->WriteInt32(object, bson->_longLowString);
     ^
../ext/bson.cc:209:5: note: candidates are:
In file included from ../ext/bson.cc:35:0:
../ext/bson.h:135:7: note: void CountStream::WriteInt32(int32_t)
  void WriteInt32(int32_t value)        { count += 4; }
       ^
../ext/bson.h:135:7: note:   candidate expects 1 argument, 2 provided
../ext/bson.h:136:7: note: void CountStream::WriteInt32(const v8::Handle<v8::Value>&)
  void WriteInt32(const Handle<Value>& value)     { count += 4; }
       ^
../ext/bson.h:136:7: note:   candidate expects 1 argument, 2 provided
../ext/bson.h:137:7: note: void CountStream::WriteInt32(const v8::Handle<v8::Object>&, const v8::Handle<v8::String>&)
  void WriteInt32(const Handle<Object>& object, const Handle<String>& key) { count += 4; }
       ^
../ext/bson.h:137:7: note:   no known conversion for argument 2 from ‘v8::Persistent<v8::String>’ to ‘const v8::Handle<v8::String>&’
../ext/bson.cc:210:5: error: no matching function for call to ‘BSONSerializer<CountStream>::WriteInt32(const v8::Local<v8::Object>&, v8::Persistent<v8::String>&)’
     this->WriteInt32(object, bson->_longHighString);
     ^
../ext/bson.cc:210:5: note: candidates are:
In file included from ../ext/bson.cc:35:0:
../ext/bson.h:135:7: note: void CountStream::WriteInt32(int32_t)
  void WriteInt32(int32_t value)        { count += 4; }
       ^
../ext/bson.h:135:7: note:   candidate expects 1 argument, 2 provided
../ext/bson.h:136:7: note: void CountStream::WriteInt32(const v8::Handle<v8::Value>&)
  void WriteInt32(const Handle<Value>& value)     { count += 4; }
       ^
../ext/bson.h:136:7: note:   candidate expects 1 argument, 2 provided
../ext/bson.h:137:7: note: void CountStream::WriteInt32(const v8::Handle<v8::Object>&, const v8::Handle<v8::String>&)
  void WriteInt32(const Handle<Object>& object, const Handle<String>& key) { count += 4; }
       ^
../ext/bson.h:137:7: note:   no known conversion for argument 2 from ‘v8::Persistent<v8::String>’ to ‘const v8::Handle<v8::String>&’
In file included from /usr/include/v8stdint.h:36:0,
                 from /usr/include/v8.h:41,
                 from ../ext/bson.cc:14:
/usr/include/v8.h:781:3: error: ‘T* v8::Persistent<T>::operator->() const [with T = v8::String]’ is private
   V8_INLINE(T* operator->() const) { return val_; }
   ^
../ext/bson.cc:212:65: error: within this context
    else if(bson->timestampString->StrictEquals(constructorString))
                                                                 ^
../ext/bson.cc:215:5: error: no matching function for call to ‘BSONSerializer<CountStream>::WriteInt32(const v8::Local<v8::Object>&, v8::Persistent<v8::String>&)’
     this->WriteInt32(object, bson->_longLowString);
     ^
../ext/bson.cc:215:5: note: candidates are:
In file included from ../ext/bson.cc:35:0:
../ext/bson.h:135:7: note: void CountStream::WriteInt32(int32_t)
  void WriteInt32(int32_t value)        { count += 4; }
       ^
../ext/bson.h:135:7: note:   candidate expects 1 argument, 2 provided
../ext/bson.h:136:7: note: void CountStream::WriteInt32(const v8::Handle<v8::Value>&)
  void WriteInt32(const Handle<Value>& value)     { count += 4; }
       ^
../ext/bson.h:136:7: note:   candidate expects 1 argument, 2 provided
../ext/bson.h:137:7: note: void CountStream::WriteInt32(const v8::Handle<v8::Object>&, const v8::Handle<v8::String>&)
  void WriteInt32(const Handle<Object>& object, const Handle<String>& key) { count += 4; }
       ^
../ext/bson.h:137:7: note:   no known conversion for argument 2 from ‘v8::Persistent<v8::String>’ to ‘const v8::Handle<v8::String>&’
../ext/bson.cc:216:5: error: no matching function for call to ‘BSONSerializer<CountStream>::WriteInt32(const v8::Local<v8::Object>&, v8::Persistent<v8::String>&)’
     this->WriteInt32(object, bson->_longHighString);
     ^
../ext/bson.cc:216:5: note: candidates are:
In file included from ../ext/bson.cc:35:0:
../ext/bson.h:135:7: note: void CountStream::WriteInt32(int32_t)
  void WriteInt32(int32_t value)        { count += 4; }
       ^
../ext/bson.h:135:7: note:   candidate expects 1 argument, 2 provided
../ext/bson.h:136:7: note: void CountStream::WriteInt32(const v8::Handle<v8::Value>&)
  void WriteInt32(const Handle<Value>& value)     { count += 4; }
       ^
../ext/bson.h:136:7: note:   candidate expects 1 argument, 2 provided
../ext/bson.h:137:7: note: void CountStream::WriteInt32(const v8::Handle<v8::Object>&, const v8::Handle<v8::String>&)
  void WriteInt32(const Handle<Object>& object, const Handle<String>& key) { count += 4; }
       ^
../ext/bson.h:137:7: note:   no known conversion for argument 2 from ‘v8::Persistent<v8::String>’ to ‘const v8::Handle<v8::String>&’
In file included from /usr/include/v8stdint.h:36:0,
                 from /usr/include/v8.h:41,
                 from ../ext/bson.cc:14:
/usr/include/v8.h:781:3: error: ‘T* v8::Persistent<T>::operator->() const [with T = v8::String]’ is private
   V8_INLINE(T* operator->() const) { return val_; }
   ^
../ext/bson.cc:218:64: error: within this context
    else if(bson->objectIDString->StrictEquals(constructorString))
                                                                ^
../ext/bson.cc:221:5: error: no matching function for call to ‘BSONSerializer<CountStream>::WriteObjectId(const v8::Local<v8::Object>&, v8::Persistent<v8::String>&)’
     this->WriteObjectId(object, bson->_objectIDidString);
     ^
../ext/bson.cc:221:5: note: candidate is:
In file included from ../ext/bson.cc:35:0:
../ext/bson.h:145:7: note: void CountStream::WriteObjectId(const v8::Handle<v8::Object>&, const v8::Handle<v8::String>&)
  void WriteObjectId(const Handle<Object>& object, const Handle<String>& key)    { count += 12; }
       ^
../ext/bson.h:145:7: note:   no known conversion for argument 2 from ‘v8::Persistent<v8::String>’ to ‘const v8::Handle<v8::String>&’
In file included from /usr/include/v8stdint.h:36:0,
                 from /usr/include/v8.h:41,
                 from ../ext/bson.cc:14:
/usr/include/v8.h:781:3: error: ‘T* v8::Persistent<T>::operator->() const [with T = v8::String]’ is private
   V8_INLINE(T* operator->() const) { return val_; }
   ^
../ext/bson.cc:223:62: error: within this context
    else if(bson->binaryString->StrictEquals(constructorString))
                                                              ^
../ext/bson.cc:231:5: error: no matching function for call to ‘BSONSerializer<CountStream>::WriteByte(const v8::Local<v8::Object>&, v8::Persistent<v8::String>&)’
     this->WriteByte(object, bson->_binarySubTypeString); // write subtype
     ^
../ext/bson.cc:231:5: note: candidates are:
In file included from ../ext/bson.cc:35:0:
../ext/bson.h:132:7: note: void CountStream::WriteByte(int)
  void WriteByte(int value)         { ++count; }
       ^
../ext/bson.h:132:7: note:   candidate expects 1 argument, 2 provided
../ext/bson.h:133:7: note: void CountStream::WriteByte(const v8::Handle<v8::Object>&, const v8::Handle<v8::String>&)
  void WriteByte(const Handle<Object>&, const Handle<String>&) { ++count; }
       ^
../ext/bson.h:133:7: note:   no known conversion for argument 2 from ‘v8::Persistent<v8::String>’ to ‘const v8::Handle<v8::String>&’
In file included from /usr/include/v8stdint.h:36:0,
                 from /usr/include/v8.h:41,
                 from ../ext/bson.cc:14:
/usr/include/v8.h:781:3: error: ‘T* v8::Persistent<T>::operator->() const [with T = v8::String]’ is private
   V8_INLINE(T* operator->() const) { return val_; }
   ^
../ext/bson.cc:239:62: error: within this context
    else if(bson->doubleString->StrictEquals(constructorString))
                                                              ^
../ext/bson.cc:242:5: error: no matching function for call to ‘BSONSerializer<CountStream>::WriteDouble(const v8::Local<v8::Object>&, v8::Persistent<v8::String>&)’
     this->WriteDouble(object, bson->_doubleValueString);
     ^
../ext/bson.cc:242:5: note: candidates are:
In file included from ../ext/bson.cc:35:0:
../ext/bson.h:140:7: note: void CountStream::WriteDouble(double)
  void WriteDouble(double value)        { count += 8; }
       ^
../ext/bson.h:140:7: note:   candidate expects 1 argument, 2 provided
../ext/bson.h:141:7: note: void CountStream::WriteDouble(const v8::Handle<v8::Value>&)
  void WriteDouble(const Handle<Value>& value)     { count += 8; }
       ^
../ext/bson.h:141:7: note:   candidate expects 1 argument, 2 provided
../ext/bson.h:142:7: note: void CountStream::WriteDouble(const v8::Handle<v8::Object>&, const v8::Handle<v8::String>&)
  void WriteDouble(const Handle<Object>&, const Handle<String>&) { count += 8; }
       ^
../ext/bson.h:142:7: note:   no known conversion for argument 2 from ‘v8::Persistent<v8::String>’ to ‘const v8::Handle<v8::String>&’
In file included from /usr/include/v8stdint.h:36:0,
                 from /usr/include/v8.h:41,
                 from ../ext/bson.cc:14:
/usr/include/v8.h:781:3: error: ‘T* v8::Persistent<T>::operator->() const [with T = v8::String]’ is private
   V8_INLINE(T* operator->() const) { return val_; }
   ^
../ext/bson.cc:244:62: error: within this context
    else if(bson->symbolString->StrictEquals(constructorString))
                                                              ^
In file included from /usr/include/v8stdint.h:36:0,
                 from /usr/include/v8.h:41,
                 from ../ext/bson.cc:14:
/usr/include/v8.h:781:3: error: ‘T* v8::Persistent<T>::operator->() const [with T = v8::String]’ is private
   V8_INLINE(T* operator->() const) { return val_; }
   ^
../ext/bson.cc:249:60: error: within this context
    else if(bson->codeString->StrictEquals(constructorString))
                                                            ^
In file included from /usr/include/v8stdint.h:36:0,
                 from /usr/include/v8.h:41,
                 from ../ext/bson.cc:14:
/usr/include/v8.h:781:3: error: ‘T* v8::Persistent<T>::operator->() const [with T = v8::String]’ is private
   V8_INLINE(T* operator->() const) { return val_; }
   ^
../ext/bson.cc:275:61: error: within this context
    else if(bson->dbrefString->StrictEquals(constructorString))
                                                             ^
In file included from /usr/include/v8stdint.h:36:0,
                 from /usr/include/v8.h:41,
                 from ../ext/bson.cc:14:
/usr/include/v8.h:781:3: error: ‘T* v8::Persistent<T>::operator->() const [with T = v8::String]’ is private
   V8_INLINE(T* operator->() const) { return val_; }
   ^
../ext/bson.cc:300:62: error: within this context
    else if(bson->minKeyString->StrictEquals(constructorString))
                                                              ^
In file included from /usr/include/v8stdint.h:36:0,
                 from /usr/include/v8.h:41,
                 from ../ext/bson.cc:14:
/usr/include/v8.h:781:3: error: ‘T* v8::Persistent<T>::operator->() const [with T = v8::String]’ is private
   V8_INLINE(T* operator->() const) { return val_; }
   ^
../ext/bson.cc:304:62: error: within this context
    else if(bson->maxKeyString->StrictEquals(constructorString))
                                                              ^
In file included from /usr/include/v8stdint.h:36:0,
                 from /usr/include/v8.h:41,
                 from ../ext/bson.cc:14:
../ext/bson.cc: In instantiation of ‘void BSONSerializer<T>::SerializeValue(void*, const v8::Handle<v8::Value>&) [with T = DataStream]’:
../ext/bson.cc:116:46:   required from ‘void BSONSerializer<T>::SerializeDocument(const v8::Handle<v8::Value>&) [with T = DataStream]’
../ext/bson.cc:882:32:   required from here
/usr/include/v8.h:781:3: error: ‘T* v8::Persistent<T>::operator->() const [with T = v8::String]’ is private
   V8_INLINE(T* operator->() const) { return val_; }
   ^
../ext/bson.cc:206:55: error: within this context
    if(bson->longString->StrictEquals(constructorString))
                                                       ^
../ext/bson.cc:209:5: error: no matching function for call to ‘BSONSerializer<DataStream>::WriteInt32(const v8::Local<v8::Object>&, v8::Persistent<v8::String>&)’
     this->WriteInt32(object, bson->_longLowString);
     ^
../ext/bson.cc:209:5: note: candidates are:
In file included from ../ext/bson.cc:35:0:
../ext/bson.h:171:7: note: void DataStream::WriteInt32(int32_t)
  void WriteInt32(int32_t value)        { *reinterpret_cast<int32_t*>(p) = value; p += 4; }
       ^
../ext/bson.h:171:7: note:   candidate expects 1 argument, 2 provided
../ext/bson.h:180:7: note: void DataStream::WriteInt32(const v8::Handle<v8::Value>&)
  void WriteInt32(const Handle<Value>& value)     { WriteInt32(value->Int32Value());   }
       ^
../ext/bson.h:180:7: note:   candidate expects 1 argument, 2 provided
../ext/bson.h:181:7: note: void DataStream::WriteInt32(const v8::Handle<v8::Object>&, const v8::Handle<v8::String>&)
  void WriteInt32(const Handle<Object>& object, const Handle<String>& key) { WriteInt32(object->Get(key)); }
       ^
../ext/bson.h:181:7: note:   no known conversion for argument 2 from ‘v8::Persistent<v8::String>’ to ‘const v8::Handle<v8::String>&’
../ext/bson.cc:210:5: error: no matching function for call to ‘BSONSerializer<DataStream>::WriteInt32(const v8::Local<v8::Object>&, v8::Persistent<v8::String>&)’
     this->WriteInt32(object, bson->_longHighString);
     ^
../ext/bson.cc:210:5: note: candidates are:
In file included from ../ext/bson.cc:35:0:
../ext/bson.h:171:7: note: void DataStream::WriteInt32(int32_t)
  void WriteInt32(int32_t value)        { *reinterpret_cast<int32_t*>(p) = value; p += 4; }
       ^
../ext/bson.h:171:7: note:   candidate expects 1 argument, 2 provided
../ext/bson.h:180:7: note: void DataStream::WriteInt32(const v8::Handle<v8::Value>&)
  void WriteInt32(const Handle<Value>& value)     { WriteInt32(value->Int32Value());   }
       ^
../ext/bson.h:180:7: note:   candidate expects 1 argument, 2 provided
../ext/bson.h:181:7: note: void DataStream::WriteInt32(const v8::Handle<v8::Object>&, const v8::Handle<v8::String>&)
  void WriteInt32(const Handle<Object>& object, const Handle<String>& key) { WriteInt32(object->Get(key)); }
       ^
../ext/bson.h:181:7: note:   no known conversion for argument 2 from ‘v8::Persistent<v8::String>’ to ‘const v8::Handle<v8::String>&’
In file included from /usr/include/v8stdint.h:36:0,
                 from /usr/include/v8.h:41,
                 from ../ext/bson.cc:14:
/usr/include/v8.h:781:3: error: ‘T* v8::Persistent<T>::operator->() const [with T = v8::String]’ is private
   V8_INLINE(T* operator->() const) { return val_; }
   ^
../ext/bson.cc:212:65: error: within this context
    else if(bson->timestampString->StrictEquals(constructorString))
                                                                 ^
../ext/bson.cc:215:5: error: no matching function for call to ‘BSONSerializer<DataStream>::WriteInt32(const v8::Local<v8::Object>&, v8::Persistent<v8::String>&)’
     this->WriteInt32(object, bson->_longLowString);
     ^
../ext/bson.cc:215:5: note: candidates are:
In file included from ../ext/bson.cc:35:0:
../ext/bson.h:171:7: note: void DataStream::WriteInt32(int32_t)
  void WriteInt32(int32_t value)        { *reinterpret_cast<int32_t*>(p) = value; p += 4; }
       ^
../ext/bson.h:171:7: note:   candidate expects 1 argument, 2 provided
../ext/bson.h:180:7: note: void DataStream::WriteInt32(const v8::Handle<v8::Value>&)
  void WriteInt32(const Handle<Value>& value)     { WriteInt32(value->Int32Value());   }
       ^
../ext/bson.h:180:7: note:   candidate expects 1 argument, 2 provided
../ext/bson.h:181:7: note: void DataStream::WriteInt32(const v8::Handle<v8::Object>&, const v8::Handle<v8::String>&)
  void WriteInt32(const Handle<Object>& object, const Handle<String>& key) { WriteInt32(object->Get(key)); }
       ^
../ext/bson.h:181:7: note:   no known conversion for argument 2 from ‘v8::Persistent<v8::String>’ to ‘const v8::Handle<v8::String>&’
../ext/bson.cc:216:5: error: no matching function for call to ‘BSONSerializer<DataStream>::WriteInt32(const v8::Local<v8::Object>&, v8::Persistent<v8::String>&)’
     this->WriteInt32(object, bson->_longHighString);
     ^
../ext/bson.cc:216:5: note: candidates are:
In file included from ../ext/bson.cc:35:0:
../ext/bson.h:171:7: note: void DataStream::WriteInt32(int32_t)
  void WriteInt32(int32_t value)        { *reinterpret_cast<int32_t*>(p) = value; p += 4; }
       ^
../ext/bson.h:171:7: note:   candidate expects 1 argument, 2 provided
../ext/bson.h:180:7: note: void DataStream::WriteInt32(const v8::Handle<v8::Value>&)
  void WriteInt32(const Handle<Value>& value)     { WriteInt32(value->Int32Value());   }
       ^
../ext/bson.h:180:7: note:   candidate expects 1 argument, 2 provided
../ext/bson.h:181:7: note: void DataStream::WriteInt32(const v8::Handle<v8::Object>&, const v8::Handle<v8::String>&)
  void WriteInt32(const Handle<Object>& object, const Handle<String>& key) { WriteInt32(object->Get(key)); }
       ^
../ext/bson.h:181:7: note:   no known conversion for argument 2 from ‘v8::Persistent<v8::String>’ to ‘const v8::Handle<v8::String>&’
In file included from /usr/include/v8stdint.h:36:0,
                 from /usr/include/v8.h:41,
                 from ../ext/bson.cc:14:
/usr/include/v8.h:781:3: error: ‘T* v8::Persistent<T>::operator->() const [with T = v8::String]’ is private
   V8_INLINE(T* operator->() const) { return val_; }
   ^
../ext/bson.cc:218:64: error: within this context
    else if(bson->objectIDString->StrictEquals(constructorString))
                                                                ^
../ext/bson.cc:221:5: error: no matching function for call to ‘BSONSerializer<DataStream>::WriteObjectId(const v8::Local<v8::Object>&, v8::Persistent<v8::String>&)’
     this->WriteObjectId(object, bson->_objectIDidString);
     ^
../ext/bson.cc:221:5: note: candidate is:
../ext/bson.cc:42:6: note: void DataStream::WriteObjectId(const v8::Handle<v8::Object>&, const v8::Handle<v8::String>&)
 void DataStream::WriteObjectId(const Handle<Object>& object, const Handle<String>& key)
      ^
../ext/bson.cc:42:6: note:   no known conversion for argument 2 from ‘v8::Persistent<v8::String>’ to ‘const v8::Handle<v8::String>&’
In file included from /usr/include/v8stdint.h:36:0,
                 from /usr/include/v8.h:41,
                 from ../ext/bson.cc:14:
/usr/include/v8.h:781:3: error: ‘T* v8::Persistent<T>::operator->() const [with T = v8::String]’ is private
   V8_INLINE(T* operator->() const) { return val_; }
   ^
../ext/bson.cc:223:62: error: within this context
    else if(bson->binaryString->StrictEquals(constructorString))
                                                              ^
../ext/bson.cc:231:5: error: no matching function for call to ‘BSONSerializer<DataStream>::WriteByte(const v8::Local<v8::Object>&, v8::Persistent<v8::String>&)’
     this->WriteByte(object, bson->_binarySubTypeString); // write subtype
     ^
../ext/bson.cc:231:5: note: candidates are:
In file included from ../ext/bson.cc:35:0:
../ext/bson.h:168:7: note: void DataStream::WriteByte(int)
  void WriteByte(int value)         { *p++ = value; }
       ^
../ext/bson.h:168:7: note:   candidate expects 1 argument, 2 provided
../ext/bson.h:169:7: note: void DataStream::WriteByte(const v8::Handle<v8::Object>&, const v8::Handle<v8::String>&)
  void WriteByte(const Handle<Object>& object, const Handle<String>& key) { *p++ = object->Get(key)->Int32Value(); }
       ^
../ext/bson.h:169:7: note:   no known conversion for argument 2 from ‘v8::Persistent<v8::String>’ to ‘const v8::Handle<v8::String>&’
In file included from /usr/include/v8stdint.h:36:0,
                 from /usr/include/v8.h:41,
                 from ../ext/bson.cc:14:
/usr/include/v8.h:781:3: error: ‘T* v8::Persistent<T>::operator->() const [with T = v8::String]’ is private
   V8_INLINE(T* operator->() const) { return val_; }
   ^
../ext/bson.cc:239:62: error: within this context
    else if(bson->doubleString->StrictEquals(constructorString))
                                                              ^
../ext/bson.cc:242:5: error: no matching function for call to ‘BSONSerializer<DataStream>::WriteDouble(const v8::Local<v8::Object>&, v8::Persistent<v8::String>&)’
     this->WriteDouble(object, bson->_doubleValueString);
     ^
../ext/bson.cc:242:5: note: candidates are:
In file included from ../ext/bson.cc:35:0:
../ext/bson.h:173:7: note: void DataStream::WriteDouble(double)
  void WriteDouble(double value)        { *reinterpret_cast<double*>(p) = value; p += 8; }
       ^
../ext/bson.h:173:7: note:   candidate expects 1 argument, 2 provided
../ext/bson.h:183:7: note: void DataStream::WriteDouble(const v8::Handle<v8::Value>&)
  void WriteDouble(const Handle<Value>& value)     { WriteDouble(value->NumberValue());  }
       ^
../ext/bson.h:183:7: note:   candidate expects 1 argument, 2 provided
../ext/bson.h:184:7: note: void DataStream::WriteDouble(const v8::Handle<v8::Object>&, const v8::Handle<v8::String>&)
  void WriteDouble(const Handle<Object>& object, const Handle<String>& key) { WriteDouble(object->Get(key)); }
       ^
../ext/bson.h:184:7: note:   no known conversion for argument 2 from ‘v8::Persistent<v8::String>’ to ‘const v8::Handle<v8::String>&’
In file included from /usr/include/v8stdint.h:36:0,
                 from /usr/include/v8.h:41,
                 from ../ext/bson.cc:14:
/usr/include/v8.h:781:3: error: ‘T* v8::Persistent<T>::operator->() const [with T = v8::String]’ is private
   V8_INLINE(T* operator->() const) { return val_; }
   ^
../ext/bson.cc:244:62: error: within this context
    else if(bson->symbolString->StrictEquals(constructorString))
                                                              ^
In file included from /usr/include/v8stdint.h:36:0,
                 from /usr/include/v8.h:41,
                 from ../ext/bson.cc:14:
/usr/include/v8.h:781:3: error: ‘T* v8::Persistent<T>::operator->() const [with T = v8::String]’ is private
   V8_INLINE(T* operator->() const) { return val_; }
   ^
../ext/bson.cc:249:60: error: within this context
    else if(bson->codeString->StrictEquals(constructorString))
                                                            ^
In file included from /usr/include/v8stdint.h:36:0,
                 from /usr/include/v8.h:41,
                 from ../ext/bson.cc:14:
/usr/include/v8.h:781:3: error: ‘T* v8::Persistent<T>::operator->() const [with T = v8::String]’ is private
   V8_INLINE(T* operator->() const) { return val_; }
   ^
../ext/bson.cc:275:61: error: within this context
    else if(bson->dbrefString->StrictEquals(constructorString))
                                                             ^
In file included from /usr/include/v8stdint.h:36:0,
                 from /usr/include/v8.h:41,
                 from ../ext/bson.cc:14:
/usr/include/v8.h:781:3: error: ‘T* v8::Persistent<T>::operator->() const [with T = v8::String]’ is private
   V8_INLINE(T* operator->() const) { return val_; }
   ^
../ext/bson.cc:300:62: error: within this context
    else if(bson->minKeyString->StrictEquals(constructorString))
                                                              ^
In file included from /usr/include/v8stdint.h:36:0,
                 from /usr/include/v8.h:41,
                 from ../ext/bson.cc:14:
/usr/include/v8.h:781:3: error: ‘T* v8::Persistent<T>::operator->() const [with T = v8::String]’ is private
   V8_INLINE(T* operator->() const) { return val_; }
   ^
../ext/bson.cc:304:62: error: within this context
    else if(bson->maxKeyString->StrictEquals(constructorString))
                                                              ^
../ext/bson.cc: In member function ‘v8::Handle<v8::Value> BSONDeserializer::DeserializeDocumentInternal(bool)’:
../ext/bson.cc:442:1: warning: control reaches end of non-void function [-Wreturn-type]
 }
 ^
../ext/bson.cc: In static member function ‘static v8::Handle<v8::Value> BSON::New(const int&)’:
../ext/bson.cc:735:1: warning: control reaches end of non-void function [-Wreturn-type]
 }
 ^
../ext/bson.cc: In member function ‘v8::Local<v8::Object> BSON::GetSerializeObject(const v8::Handle<v8::Value>&)’:
../ext/bson.cc:844:1: warning: control reaches end of non-void function [-Wreturn-type]
 }
 ^
../ext/bson.cc: In static member function ‘static v8::Handle<v8::Value> BSON::BSONSerialize(const int&)’:
../ext/bson.cc:905:1: warning: control reaches end of non-void function [-Wreturn-type]
 }
 ^
make: *** [Release/obj.target/bson/ext/bson.o] Error 1
gyp ERR! build error 
gyp ERR! stack Error: `make` failed with exit code: 2
gyp ERR! stack     at ChildProcess.onExit (/usr/lib64/node_modules/npm/node_modules/node-gyp/lib/build.js:267:23)
gyp ERR! stack     at ChildProcess.EventEmitter.emit (events.js:98:17)
gyp ERR! stack     at Process.ChildProcess._handle.onexit (child_process.js:784:12)
gyp ERR! System Linux 3.12.3-1.gf37dca6-default
gyp ERR! command "node" "/usr/lib64/node_modules/npm/node_modules/node-gyp/bin/node-gyp.js" "rebuild"
gyp ERR! cwd /home/prabhat/nodejs/prabhat/restful-api/node_modules/mongoose/node_modules/mongodb/node_modules/bson
gyp ERR! node -v v0.10.5
gyp ERR! node-gyp -v v0.9.5
gyp ERR! not ok 
